<?xml version="1.0" encoding="UTF-8"?>
<testsuite name="com.restaurante.RestauranteOk5ApplicationTests" tests="1" skipped="0" failures="0" errors="0" timestamp="2017-11-06T02:45:13" hostname="DESKTOP-SFD6SK7" time="0.859">
  <properties/>
  <testcase name="contextLoads" classname="com.restaurante.RestauranteOk5ApplicationTests" time="0.859"/>
  <system-out><![CDATA[20:44:33.290 [Test worker] DEBUG org.springframework.test.context.junit4.SpringJUnit4ClassRunner - SpringJUnit4ClassRunner constructor called with [class com.restaurante.RestauranteOk5ApplicationTests]
20:44:33.380 [Test worker] DEBUG org.springframework.test.context.BootstrapUtils - Instantiating CacheAwareContextLoaderDelegate from class [org.springframework.test.context.cache.DefaultCacheAwareContextLoaderDelegate]
20:44:33.410 [Test worker] DEBUG org.springframework.test.context.BootstrapUtils - Instantiating BootstrapContext using constructor [public org.springframework.test.context.support.DefaultBootstrapContext(java.lang.Class,org.springframework.test.context.CacheAwareContextLoaderDelegate)]
20:44:33.450 [Test worker] DEBUG org.springframework.test.context.BootstrapUtils - Instantiating TestContextBootstrapper for test class [com.restaurante.RestauranteOk5ApplicationTests] from class [org.springframework.boot.test.context.SpringBootTestContextBootstrapper]
20:44:33.485 [Test worker] INFO org.springframework.boot.test.context.SpringBootTestContextBootstrapper - Neither @ContextConfiguration nor @ContextHierarchy found for test class [com.restaurante.RestauranteOk5ApplicationTests], using SpringBootContextLoader
20:44:33.525 [Test worker] DEBUG org.springframework.test.context.support.AbstractContextLoader - Did not detect default resource location for test class [com.restaurante.RestauranteOk5ApplicationTests]: class path resource [com/restaurante/RestauranteOk5ApplicationTests-context.xml] does not exist
20:44:33.525 [Test worker] DEBUG org.springframework.test.context.support.AbstractContextLoader - Did not detect default resource location for test class [com.restaurante.RestauranteOk5ApplicationTests]: class path resource [com/restaurante/RestauranteOk5ApplicationTestsContext.groovy] does not exist
20:44:33.525 [Test worker] INFO org.springframework.test.context.support.AbstractContextLoader - Could not detect default resource locations for test class [com.restaurante.RestauranteOk5ApplicationTests]: no resource found for suffixes {-context.xml, Context.groovy}.
20:44:33.525 [Test worker] INFO org.springframework.test.context.support.AnnotationConfigContextLoaderUtils - Could not detect default configuration classes for test class [com.restaurante.RestauranteOk5ApplicationTests]: RestauranteOk5ApplicationTests does not declare any static, non-private, non-final, nested classes annotated with @Configuration.
20:44:33.810 [Test worker] DEBUG org.springframework.test.context.support.ActiveProfilesUtils - Could not find an 'annotation declaring class' for annotation type [org.springframework.test.context.ActiveProfiles] and class [com.restaurante.RestauranteOk5ApplicationTests]
20:44:33.845 [Test worker] DEBUG org.springframework.core.env.StandardEnvironment - Adding PropertySource 'systemProperties' with lowest search precedence
20:44:33.845 [Test worker] DEBUG org.springframework.core.env.StandardEnvironment - Adding PropertySource 'systemEnvironment' with lowest search precedence
20:44:33.845 [Test worker] DEBUG org.springframework.core.env.StandardEnvironment - Initialized StandardEnvironment with PropertySources [MapPropertySource@87828437 {name='systemProperties', properties={java.runtime.name=Java(TM) SE Runtime Environment, sun.boot.library.path=C:\Program Files\Java\jdk1.8.0_144\jre\bin, java.vm.version=25.144-b01, java.vm.vendor=Oracle Corporation, java.vendor.url=http://java.oracle.com/, path.separator=;, java.vm.name=Java HotSpot(TM) 64-Bit Server VM, file.encoding.pkg=sun.io, user.script=, sun.java.launcher=SUN_STANDARD, user.country=ES, sun.os.patch.level=, java.vm.specification.name=Java Virtual Machine Specification, user.dir=C:\Users\checo\Documents\spring-workspace\RestauranteOK-6, java.runtime.version=1.8.0_144-b01, java.awt.graphicsenv=sun.awt.Win32GraphicsEnvironment, java.endorsed.dirs=C:\Program Files\Java\jdk1.8.0_144\jre\lib\endorsed, os.arch=amd64, java.io.tmpdir=C:\Users\checo\AppData\Local\Temp\, line.separator=
, java.vm.specification.vendor=Oracle Corporation, user.variant=, os.name=Windows 10, sun.jnu.encoding=Cp1252, java.library.path=C:\Program Files\Java\jdk1.8.0_144\bin;C:\Windows\Sun\Java\bin;C:\Windows\system32;C:\Windows;C:\ProgramData\Oracle\Java\javapath;C:\Windows\system32;C:\Windows;C:\Windows\System32\Wbem;C:\Windows\System32\WindowsPowerShell\v1.0\;C:\Program Files (x86)\Intel\OpenCL SDK\2.0\bin\x86;C:\Program Files (x86)\Intel\OpenCL SDK\2.0\bin\x64;C:\Program Files\Microsoft SQL Server\110\Tools\Binn\;C:\Program Files\Microsoft SQL Server\110\DTS\Binn\;C:\Program Files (x86)\Microsoft SQL Server\110\Tools\Binn\;C:\Program Files (x86)\Microsoft SQL Server\110\Tools\Binn\ManagementStudio\;C:\Program Files (x86)\Microsoft Visual Studio 10.0\Common7\IDE\PrivateAssemblies\;C:\Program Files (x86)\Microsoft SQL Server\110\DTS\Binn\;., java.specification.name=Java Platform API Specification, java.class.version=52.0, org.gradle.native=false, sun.management.compiler=HotSpot 64-Bit Tiered Compilers, os.version=10.0, user.home=C:\Users\checo, user.timezone=America/Mexico_City, java.awt.printerjob=sun.awt.windows.WPrinterJob, file.encoding=windows-1252, java.specification.version=1.8, java.class.path=C:\Users\checo\Documents\spring-workspace\RestauranteOK-6\build\classes\java\test;C:\Users\checo\Documents\spring-workspace\RestauranteOK-6\build\resources\test;C:\Users\checo\Documents\spring-workspace\RestauranteOK-6\build\classes\java\main;C:\Users\checo\Documents\spring-workspace\RestauranteOK-6\build\resources\main;C:\Users\checo\.gradle\caches\modules-2\files-2.1\org.springframework.boot\spring-boot-starter-data-jpa\2.0.0.M5\7a51c922581611b15f767cd17e14f4f9db60399b\spring-boot-starter-data-jpa-2.0.0.M5.jar;C:\Users\checo\.gradle\caches\modules-2\files-2.1\org.springframework.boot\spring-boot-starter-web-services\2.0.0.M5\a95f4083d12066c2ad15e0c13652d71a4ec3a2e\spring-boot-starter-web-services-2.0.0.M5.jar;C:\Users\checo\.gradle\caches\modules-2\files-2.1\org.springframework.boot\spring-boot-starter-websocket\2.0.0.M5\7ce54ddae6b6c019cb1ea8060c5d7c798539d002\spring-boot-starter-websocket-2.0.0.M5.jar;C:\Users\checo\.gradle\caches\modules-2\files-2.1\org.springframework.boot\spring-boot-starter-web\2.0.0.M5\24eae1fdad773e958d9bab5beb332ecf3fd21d04\spring-boot-starter-web-2.0.0.M5.jar;C:\Users\checo\.gradle\caches\modules-2\files-2.1\mysql\mysql-connector-java\5.1.44\61b6b998192c85bb581c6be90e03dcd4b9079db4\mysql-connector-java-5.1.44.jar;C:\Users\checo\.gradle\caches\modules-2\files-2.1\org.springframework.boot\spring-boot-starter-test\2.0.0.M5\99cf8b580f1b164faec0ec45d465fd1a8e4c2904\spring-boot-starter-test-2.0.0.M5.jar;C:\Users\checo\.gradle\caches\modules-2\files-2.1\org.springframework.boot\spring-boot-starter-aop\2.0.0.M5\1c71fd43cc812cf72b15f2d216ef9a0bea4e8584\spring-boot-starter-aop-2.0.0.M5.jar;C:\Users\checo\.gradle\caches\modules-2\files-2.1\org.springframework.boot\spring-boot-starter-jdbc\2.0.0.M5\83d7f9f97d4e5501d3d5ce0c42501cebabf6bb5c\spring-boot-starter-jdbc-2.0.0.M5.jar;C:\Users\checo\.gradle\caches\modules-2\files-2.1\org.springframework.boot\spring-boot-starter-json\2.0.0.M5\b9a48a0ea21bce60a71011f85e4494b70e0f1f03\spring-boot-starter-json-2.0.0.M5.jar;C:\Users\checo\.gradle\caches\modules-2\files-2.1\org.springframework.boot\spring-boot-starter\2.0.0.M5\43635ad065765d9e9bfdbf7009d8961e1d852a4c\spring-boot-starter-2.0.0.M5.jar;C:\Users\checo\.gradle\caches\modules-2\files-2.1\org.hibernate\hibernate-core\5.2.11.Final\c7bc35a9caccb66f6b7209849c5feab8241abb76\hibernate-core-5.2.11.Final.jar;C:\Users\checo\.gradle\caches\modules-2\files-2.1\javax.transaction\javax.transaction-api\1.2\d81aff979d603edd90dcd8db2abc1f4ce6479e3e\javax.transaction-api-1.2.jar;C:\Users\checo\.gradle\caches\modules-2\files-2.1\org.springframework.data\spring-data-jpa\2.0.0.RELEASE\37298e64c40bfd4b51335df41afa8a5e509ba5de\spring-data-jpa-2.0.0.RELEASE.jar;C:\Users\checo\.gradle\caches\modules-2\files-2.1\org.springframework\spring-aspects\5.0.0.RELEASE\bf63871e3c0fc83d550c7f54c67a376a1b896180\spring-aspects-5.0.0.RELEASE.jar;C:\Users\checo\.gradle\caches\modules-2\files-2.1\org.springframework.boot\spring-boot-starter-tomcat\2.0.0.M5\39709bc8ea0727e498877c1d1e7bcb7c3eb037f6\spring-boot-starter-tomcat-2.0.0.M5.jar;C:\Users\checo\.gradle\caches\modules-2\files-2.1\org.hibernate.validator\hibernate-validator\6.0.2.Final\41c0d6a3ce1298b09a9ddb944bd251c8d1345b5c\hibernate-validator-6.0.2.Final.jar;C:\Users\checo\.gradle\caches\modules-2\files-2.1\org.springframework.ws\spring-ws-core\2.4.0.RELEASE\b4c17b5a17f14927efb389edfa0cc7f3fb0ff65b\spring-ws-core-2.4.0.RELEASE.jar;C:\Users\checo\.gradle\caches\modules-2\files-2.1\org.springframework\spring-webmvc\5.0.0.RELEASE\7efad8565e5e609d1ff301043b8ea31080796391\spring-webmvc-5.0.0.RELEASE.jar;C:\Users\checo\.gradle\caches\modules-2\files-2.1\org.springframework\spring-websocket\5.0.0.RELEASE\3f01f07d786ed8ffba08310d0a37ac5bfdb75bb7\spring-websocket-5.0.0.RELEASE.jar;C:\Users\checo\.gradle\caches\modules-2\files-2.1\org.springframework\spring-web\5.0.0.RELEASE\f5c2d9d5668534c308a1ca4eda070cd01320af65\spring-web-5.0.0.RELEASE.jar;C:\Users\checo\.gradle\caches\modules-2\files-2.1\org.springframework\spring-oxm\5.0.0.RELEASE\cb7d4d2e9ab91ce756c7e7cf053b3ac6547e89b5\spring-oxm-5.0.0.RELEASE.jar;C:\Users\checo\.gradle\caches\modules-2\files-2.1\org.springframework\spring-messaging\5.0.0.RELEASE\166b6391f50823bc3d234455642dc5f85ed4350d\spring-messaging-5.0.0.RELEASE.jar;C:\Users\checo\.gradle\caches\modules-2\files-2.1\org.springframework.boot\spring-boot-test-autoconfigure\2.0.0.M5\7b249ede1134de624ccac65833d8bc9d30bc07ce\spring-boot-test-autoconfigure-2.0.0.M5.jar;C:\Users\checo\.gradle\caches\modules-2\files-2.1\org.springframework.boot\spring-boot-test\2.0.0.M5\2851cc485015f560d11054013fa77b39829c08a\spring-boot-test-2.0.0.M5.jar;C:\Users\checo\.gradle\caches\modules-2\files-2.1\com.jayway.jsonpath\json-path\2.4.0\765a4401ceb2dc8d40553c2075eb80a8fa35c2ae\json-path-2.4.0.jar;C:\Users\checo\.gradle\caches\modules-2\files-2.1\junit\junit\4.12\2973d150c0dc1fefe998f834810d68f278ea58ec\junit-4.12.jar;C:\Users\checo\.gradle\caches\modules-2\files-2.1\org.assertj\assertj-core\3.8.0\b209d90ff2e279bee3e02547ee7b11349c52d0e3\assertj-core-3.8.0.jar;C:\Users\checo\.gradle\caches\modules-2\files-2.1\org.mockito\mockito-core\2.10.0\871efe6f2607d8c93dd25b8c1fa09851d4286dd6\mockito-core-2.10.0.jar;C:\Users\checo\.gradle\caches\modules-2\files-2.1\org.hamcrest\hamcrest-library\1.3\4785a3c21320980282f9f33d0d1264a69040538f\hamcrest-library-1.3.jar;C:\Users\checo\.gradle\caches\modules-2\files-2.1\org.hamcrest\hamcrest-core\1.3\42a25dc3219429f0e5d060061f71acb49bf010a0\hamcrest-core-1.3.jar;C:\Users\checo\.gradle\caches\modules-2\files-2.1\org.skyscreamer\jsonassert\1.5.0\6c9d5fe2f59da598d9aefc1cfc6528ff3cf32df3\jsonassert-1.5.0.jar;C:\Users\checo\.gradle\caches\modules-2\files-2.1\org.springframework\spring-test\5.0.0.RELEASE\f39db690694a902197866df3c89ac277605b63c4\spring-test-5.0.0.RELEASE.jar;C:\Users\checo\.gradle\caches\modules-2\files-2.1\org.springframework.boot\spring-boot-autoconfigure\2.0.0.M5\975d5afb6a8dee42650842c5821d905657747bbc\spring-boot-autoconfigure-2.0.0.M5.jar;C:\Users\checo\.gradle\caches\modules-2\files-2.1\org.springframework.boot\spring-boot\2.0.0.M5\31de735c7a77fa2961185d48ce66570d74f656ae\spring-boot-2.0.0.M5.jar;C:\Users\checo\.gradle\caches\modules-2\files-2.1\org.springframework.ws\spring-xml\2.4.0.RELEASE\48edff3499a74c6c0e14f27139a4cb934711d022\spring-xml-2.4.0.RELEASE.jar;C:\Users\checo\.gradle\caches\modules-2\files-2.1\org.springframework\spring-context\5.0.0.RELEASE\bf5165fcd47f582f9addcd2a41424b08ea00d880\spring-context-5.0.0.RELEASE.jar;C:\Users\checo\.gradle\caches\modules-2\files-2.1\org.springframework\spring-aop\5.0.0.RELEASE\717d06b89e32f51f329094f709662f8414c0843f\spring-aop-5.0.0.RELEASE.jar;C:\Users\checo\.gradle\caches\modules-2\files-2.1\org.springframework\spring-orm\5.0.0.RELEASE\3b129d4a305f0fba7c4e9210b6dd3e6cb6e9f6c4\spring-orm-5.0.0.RELEASE.jar;C:\Users\checo\.gradle\caches\modules-2\files-2.1\org.springframework\spring-jdbc\5.0.0.RELEASE\e6c73a4dd93956fcfd59887c64f0989f3fd004b5\spring-jdbc-5.0.0.RELEASE.jar;C:\Users\checo\.gradle\caches\modules-2\files-2.1\org.springframework.data\spring-data-commons\2.0.0.RELEASE\b97dad2d501c2baf49b497733bb19f7a05d52142\spring-data-commons-2.0.0.RELEASE.jar;C:\Users\checo\.gradle\caches\modules-2\files-2.1\org.springframework\spring-tx\5.0.0.RELEASE\359eb5245c54257085b9eb2fc11c68dde3325d7\spring-tx-5.0.0.RELEASE.jar;C:\Users\checo\.gradle\caches\modules-2\files-2.1\org.springframework\spring-beans\5.0.0.RELEASE\6f95f071cfe29a84661648e5445dcb054be0cfa7\spring-beans-5.0.0.RELEASE.jar;C:\Users\checo\.gradle\caches\modules-2\files-2.1\org.springframework\spring-expression\5.0.0.RELEASE\48cdf1b2ea2a510c731e5e08f75299e3cb8e9d68\spring-expression-5.0.0.RELEASE.jar;C:\Users\checo\.gradle\caches\modules-2\files-2.1\org.springframework\spring-core\5.0.0.RELEASE\3a9bb910e8943b5ef59b193a1621daba46456ca9\spring-core-5.0.0.RELEASE.jar;C:\Users\checo\.gradle\caches\modules-2\files-2.1\org.xmlunit\xmlunit-core\2.5.0\7464e446df1051ac5196ffd2c28ee903a1104133\xmlunit-core-2.5.0.jar;C:\Users\checo\.gradle\caches\modules-2\files-2.1\org.springframework.boot\spring-boot-starter-logging\2.0.0.M5\ed3e13b588ee8ec5b43b4bbc9f9880a412c4b026\spring-boot-starter-logging-2.0.0.M5.jar;C:\Users\checo\.gradle\caches\modules-2\files-2.1\javax.annotation\javax.annotation-api\1.3.1\20a2c0583598d68b0835474bbe07792d4f3b219f\javax.annotation-api-1.3.1.jar;C:\Users\checo\.gradle\caches\modules-2\files-2.1\org.yaml\snakeyaml\1.18\e4a441249ade301985cb8d009d4e4a72b85bf68e\snakeyaml-1.18.jar;C:\Users\checo\.gradle\caches\modules-2\files-2.1\org.aspectj\aspectjweaver\1.8.11\9807e0e13c8a295f15882721db50fa3d142c44a9\aspectjweaver-1.8.11.jar;C:\Users\checo\.gradle\caches\modules-2\files-2.1\com.zaxxer\HikariCP\2.7.2\8eadf835d2f74c30b75ffcb2693bb6853b85cf1e\HikariCP-2.7.2.jar;C:\Users\checo\.gradle\caches\modules-2\files-2.1\org.hibernate.common\hibernate-commons-annotations\5.0.1.Final\71e1cff3fcb20d3b3af4f3363c3ddb24d33c6879\hibernate-commons-annotations-5.0.1.Final.jar;C:\Users\checo\.gradle\caches\modules-2\files-2.1\org.jboss.logging\jboss-logging\3.3.1.Final\c46217ab74b532568c0ed31dc599db3048bd1b67\jboss-logging-3.3.1.Final.jar;C:\Users\checo\.gradle\caches\modules-2\files-2.1\org.hibernate.javax.persistence\hibernate-jpa-2.1-api\1.0.0.Final\5e731d961297e5a07290bfaf3db1fbc8bbbf405a\hibernate-jpa-2.1-api-1.0.0.Final.jar;C:\Users\checo\.gradle\caches\modules-2\files-2.1\org.javassist\javassist\3.22.0-CR2\44eaf0990dea92f4bca4b9931b2239c0e8756ee7\javassist-3.22.0-CR2.jar;C:\Users\checo\.gradle\caches\modules-2\files-2.1\antlr\antlr\2.7.7\83cd2cd674a217ade95a4bb83a8a14f351f48bd0\antlr-2.7.7.jar;C:\Users\checo\.gradle\caches\modules-2\files-2.1\org.jboss\jandex\2.0.3.Final\bfc4d6257dbff7a33a357f0de116be6ff951d849\jandex-2.0.3.Final.jar;C:\Users\checo\.gradle\caches\modules-2\files-2.1\com.fasterxml\classmate\1.3.4\3d5f48f10bbe4eb7bd862f10c0583be2e0053c6\classmate-1.3.4.jar;C:\Users\checo\.gradle\caches\modules-2\files-2.1\dom4j\dom4j\1.6.1\5d3ccc056b6f056dbf0dddfdf43894b9065a8f94\dom4j-1.6.1.jar;C:\Users\checo\.gradle\caches\modules-2\files-2.1\ch.qos.logback\logback-classic\1.2.3\7c4f3c474fb2c041d8028740440937705ebb473a\logback-classic-1.2.3.jar;C:\Users\checo\.gradle\caches\modules-2\files-2.1\org.slf4j\jul-to-slf4j\1.7.25\af5364cd6679bfffb114f0dec8a157aaa283b76\jul-to-slf4j-1.7.25.jar;C:\Users\checo\.gradle\caches\modules-2\files-2.1\org.slf4j\log4j-over-slf4j\1.7.25\a87bb47468f47ee7aabbd54f93e133d4215769c3\log4j-over-slf4j-1.7.25.jar;C:\Users\checo\.gradle\caches\modules-2\files-2.1\org.slf4j\slf4j-api\1.7.25\da76ca59f6a57ee3102f8f9bd9cee742973efa8a\slf4j-api-1.7.25.jar;C:\Users\checo\.gradle\caches\modules-2\files-2.1\com.fasterxml.jackson.datatype\jackson-datatype-jdk8\2.9.1\dc5c9b4349c1c18388aa1ec5a9264e6893b732a8\jackson-datatype-jdk8-2.9.1.jar;C:\Users\checo\.gradle\caches\modules-2\files-2.1\com.fasterxml.jackson.datatype\jackson-datatype-jsr310\2.9.1\dbac0f60c8ea8c6e6cc6a761c0d8f300296fcf3d\jackson-datatype-jsr310-2.9.1.jar;C:\Users\checo\.gradle\caches\modules-2\files-2.1\com.fasterxml.jackson.module\jackson-module-parameter-names\2.9.1\df51ae82d0878f62f7bdcbd47d423e3cde04b3ef\jackson-module-parameter-names-2.9.1.jar;C:\Users\checo\.gradle\caches\modules-2\files-2.1\com.fasterxml.jackson.module\jackson-module-kotlin\2.9.1\cf37d75de23b87a664ea0b497b04fc601a783f2a\jackson-module-kotlin-2.9.1.jar;C:\Users\checo\.gradle\caches\modules-2\files-2.1\com.fasterxml.jackson.core\jackson-databind\2.9.1\716da1830a2043f18882fc036ec26eb32cbe5aff\jackson-databind-2.9.1.jar;C:\Users\checo\.gradle\caches\modules-2\files-2.1\org.apache.tomcat.embed\tomcat-embed-websocket\8.5.23\52f07abcae10dc7e1764304b0877def175c2c833\tomcat-embed-websocket-8.5.23.jar;C:\Users\checo\.gradle\caches\modules-2\files-2.1\org.apache.tomcat.embed\tomcat-embed-core\8.5.23\79261793a47f507890ee08f749b9d81774e4f7f0\tomcat-embed-core-8.5.23.jar;C:\Users\checo\.gradle\caches\modules-2\files-2.1\org.apache.tomcat.embed\tomcat-embed-el\8.5.23\98d979cde444dffa6d434c8377d0123b2dfa614c\tomcat-embed-el-8.5.23.jar;C:\Users\checo\.gradle\caches\modules-2\files-2.1\javax.validation\validation-api\2.0.0.Final\4a7ff48084bd336c4de1f79f027f6f77badf399e\validation-api-2.0.0.Final.jar;C:\Users\checo\.gradle\caches\modules-2\files-2.1\net.minidev\json-smart\2.3\7396407491352ce4fa30de92efb158adb76b5b\json-smart-2.3.jar;C:\Users\checo\.gradle\caches\modules-2\files-2.1\net.bytebuddy\byte-buddy\1.7.6\f79a6ca612ed13038efedbbba1ead83b8d6fe7ec\byte-buddy-1.7.6.jar;C:\Users\checo\.gradle\caches\modules-2\files-2.1\net.bytebuddy\byte-buddy-agent\1.7.6\e863f5ab595f480f42d641f22935437e679d4beb\byte-buddy-agent-1.7.6.jar;C:\Users\checo\.gradle\caches\modules-2\files-2.1\org.objenesis\objenesis\2.6\639033469776fd37c08358c6b92a4761feb2af4b\objenesis-2.6.jar;C:\Users\checo\.gradle\caches\modules-2\files-2.1\com.vaadin.external.google\android-json\0.0.20131108.vaadin1\fa26d351fe62a6a17f5cda1287c1c6110dec413f\android-json-0.0.20131108.vaadin1.jar;C:\Users\checo\.gradle\caches\modules-2\files-2.1\org.springframework\spring-jcl\5.0.0.RELEASE\ab0a2114cab7b9e04adf79d812c714f3cbf4abf7\spring-jcl-5.0.0.RELEASE.jar;C:\Users\checo\.gradle\caches\modules-2\files-2.1\com.fasterxml.jackson.core\jackson-annotations\2.9.0\7c10d545325e3a6e72e06381afe469fd40eb701\jackson-annotations-2.9.0.jar;C:\Users\checo\.gradle\caches\modules-2\files-2.1\com.fasterxml.jackson.core\jackson-core\2.9.1\60077fe98b11e4e7cf8af9b20609326a166d6ac4\jackson-core-2.9.1.jar;C:\Users\checo\.gradle\caches\modules-2\files-2.1\org.apache.tomcat\tomcat-annotations-api\8.5.23\aaf17df9fe0240e9e9d5375d24d5f177174b73d9\tomcat-annotations-api-8.5.23.jar;C:\Users\checo\.gradle\caches\modules-2\files-2.1\net.minidev\accessors-smart\1.2\c592b500269bfde36096641b01238a8350f8aa31\accessors-smart-1.2.jar;C:\Users\checo\.gradle\caches\modules-2\files-2.1\ch.qos.logback\logback-core\1.2.3\864344400c3d4d92dfeb0a305dc87d953677c03c\logback-core-1.2.3.jar;C:\Users\checo\.gradle\caches\modules-2\files-2.1\org.ow2.asm\asm\5.0.4\da08b8cce7bbf903602a25a3a163ae252435795\asm-5.0.4.jar, user.name=checo, java.vm.specification.version=1.8, sun.java.command=worker.org.gradle.process.internal.worker.GradleWorkerMain 'Gradle Test Executor 1', java.home=C:\Program Files\Java\jdk1.8.0_144\jre, sun.arch.data.model=64, user.language=es, java.specification.vendor=Oracle Corporation, awt.toolkit=sun.awt.windows.WToolkit, java.vm.info=mixed mode, java.version=1.8.0_144, java.ext.dirs=C:\Program Files\Java\jdk1.8.0_144\jre\lib\ext;C:\Windows\Sun\Java\lib\ext, sun.boot.class.path=C:\Program Files\Java\jdk1.8.0_144\jre\lib\resources.jar;C:\Program Files\Java\jdk1.8.0_144\jre\lib\rt.jar;C:\Program Files\Java\jdk1.8.0_144\jre\lib\sunrsasign.jar;C:\Program Files\Java\jdk1.8.0_144\jre\lib\jsse.jar;C:\Program Files\Java\jdk1.8.0_144\jre\lib\jce.jar;C:\Program Files\Java\jdk1.8.0_144\jre\lib\charsets.jar;C:\Program Files\Java\jdk1.8.0_144\jre\lib\jfr.jar;C:\Program Files\Java\jdk1.8.0_144\jre\classes, java.vendor=Oracle Corporation, org.gradle.test.worker=1, file.separator=\, java.vendor.url.bug=http://bugreport.sun.com/bugreport/, sun.io.unicode.encoding=UnicodeLittle, sun.cpu.endian=little, sun.desktop=windows, sun.cpu.isalist=amd64}}, SystemEnvironmentPropertySource@176068908 {name='systemEnvironment', properties={USERDOMAIN_ROAMINGPROFILE=DESKTOP-SFD6SK7, PROCESSOR_LEVEL=6, SESSIONNAME=Console, ALLUSERSPROFILE=C:\ProgramData, PROCESSOR_ARCHITECTURE=AMD64, PSModulePath=C:\Windows\system32\WindowsPowerShell\v1.0\Modules\;C:\Program Files (x86)\Microsoft SQL Server\110\Tools\PowerShell\Modules\, SystemDrive=C:, DIRNAME=C:\Users\checo\Documents\spring-workspace\RestauranteOK-6\, USERNAME=checo, CMD_LINE_ARGS=build, ProgramFiles(x86)=C:\Program Files (x86), FPS_BROWSER_USER_PROFILE_STRING=Default, APP_HOME=C:\Users\checo\Documents\spring-workspace\RestauranteOK-6\, PATHEXT=.COM;.EXE;.BAT;.CMD;.VBS;.VBE;.JS;.JSE;.WSF;.WSH;.MSC, ProgramData=C:\ProgramData, ProgramW6432=C:\Program Files, HOMEPATH=\Users\checo, PROCESSOR_IDENTIFIER=Intel64 Family 6 Model 42 Stepping 7, GenuineIntel, ProgramFiles=C:\Program Files, PUBLIC=C:\Users\Public, windir=C:\Windows, =::=::\, _SKIP=2, LOCALAPPDATA=C:\Users\checo\AppData\Local, USERDOMAIN=DESKTOP-SFD6SK7, FPS_BROWSER_APP_PROFILE_STRING=Internet Explorer, LOGONSERVER=\\DESKTOP-SFD6SK7, JAVA_HOME=C:\Program Files\Java\jdk1.8.0_144, PROMPT=$P$G, VS120COMNTOOLS=C:\Program Files (x86)\Microsoft Visual Studio 12.0\Common7\Tools\, =C:=C:\Users\checo\Documents\spring-workspace\RestauranteOK-6, APPDATA=C:\Users\checo\AppData\Roaming, JAVA_EXE=C:\Program Files\Java\jdk1.8.0_144/bin/java.exe, CommonProgramFiles=C:\Program Files\Common Files, Path=C:\ProgramData\Oracle\Java\javapath;C:\Windows\system32;C:\Windows;C:\Windows\System32\Wbem;C:\Windows\System32\WindowsPowerShell\v1.0\;C:\Program Files (x86)\Intel\OpenCL SDK\2.0\bin\x86;C:\Program Files (x86)\Intel\OpenCL SDK\2.0\bin\x64;C:\Program Files\Microsoft SQL Server\110\Tools\Binn\;C:\Program Files\Microsoft SQL Server\110\DTS\Binn\;C:\Program Files (x86)\Microsoft SQL Server\110\Tools\Binn\;C:\Program Files (x86)\Microsoft SQL Server\110\Tools\Binn\ManagementStudio\;C:\Program Files (x86)\Microsoft Visual Studio 10.0\Common7\IDE\PrivateAssemblies\;C:\Program Files (x86)\Microsoft SQL Server\110\DTS\Binn\, OS=Windows_NT, COMPUTERNAME=DESKTOP-SFD6SK7, PROCESSOR_REVISION=2a07, CLASSPATH=C:\Users\checo\Documents\spring-workspace\RestauranteOK-6\\gradle\wrapper\gradle-wrapper.jar, CommonProgramW6432=C:\Program Files\Common Files, ComSpec=C:\Windows\system32\cmd.exe, APP_BASE_NAME=gradlew, SystemRoot=C:\Windows, TEMP=C:\Users\checo\AppData\Local\Temp, HOMEDRIVE=C:, USERPROFILE=C:\Users\checo, TMP=C:\Users\checo\AppData\Local\Temp, CommonProgramFiles(x86)=C:\Program Files (x86)\Common Files, NUMBER_OF_PROCESSORS=2}}]
20:44:33.915 [Test worker] DEBUG org.springframework.core.io.support.PathMatchingResourcePatternResolver - Resolved classpath location [com/restaurante/] to resources [URL [file:/C:/Users/checo/Documents/spring-workspace/RestauranteOK-6/build/classes/java/test/com/restaurante/], URL [file:/C:/Users/checo/Documents/spring-workspace/RestauranteOK-6/build/classes/java/main/com/restaurante/]]
20:44:33.915 [Test worker] DEBUG org.springframework.core.io.support.PathMatchingResourcePatternResolver - Looking for matching resources in directory tree [C:\Users\checo\Documents\spring-workspace\RestauranteOK-6\build\classes\java\test\com\restaurante]
20:44:33.925 [Test worker] DEBUG org.springframework.core.io.support.PathMatchingResourcePatternResolver - Searching directory [C:\Users\checo\Documents\spring-workspace\RestauranteOK-6\build\classes\java\test\com\restaurante] for files matching pattern [C:/Users/checo/Documents/spring-workspace/RestauranteOK-6/build/classes/java/test/com/restaurante/*.class]
20:44:33.935 [Test worker] DEBUG org.springframework.core.io.support.PathMatchingResourcePatternResolver - Looking for matching resources in directory tree [C:\Users\checo\Documents\spring-workspace\RestauranteOK-6\build\classes\java\main\com\restaurante]
20:44:33.935 [Test worker] DEBUG org.springframework.core.io.support.PathMatchingResourcePatternResolver - Searching directory [C:\Users\checo\Documents\spring-workspace\RestauranteOK-6\build\classes\java\main\com\restaurante] for files matching pattern [C:/Users/checo/Documents/spring-workspace/RestauranteOK-6/build/classes/java/main/com/restaurante/*.class]
20:44:33.945 [Test worker] DEBUG org.springframework.core.io.support.PathMatchingResourcePatternResolver - Resolved location pattern [classpath*:com/restaurante/*.class] to resources [file [C:\Users\checo\Documents\spring-workspace\RestauranteOK-6\build\classes\java\test\com\restaurante\RestauranteOk5ApplicationTests.class], file [C:\Users\checo\Documents\spring-workspace\RestauranteOK-6\build\classes\java\main\com\restaurante\RestauranteOk5Application.class]]
20:44:34.525 [Test worker] DEBUG org.springframework.context.annotation.ClassPathScanningCandidateComponentProvider - Identified candidate component class: file [C:\Users\checo\Documents\spring-workspace\RestauranteOK-6\build\classes\java\main\com\restaurante\RestauranteOk5Application.class]
20:44:34.530 [Test worker] INFO org.springframework.boot.test.context.SpringBootTestContextBootstrapper - Found @SpringBootConfiguration com.restaurante.RestauranteOk5Application for test class com.restaurante.RestauranteOk5ApplicationTests
20:44:35.215 [Test worker] DEBUG org.springframework.boot.test.context.SpringBootTestContextBootstrapper - @TestExecutionListeners is not present for class [com.restaurante.RestauranteOk5ApplicationTests]: using defaults.
20:44:35.215 [Test worker] INFO org.springframework.boot.test.context.SpringBootTestContextBootstrapper - Loaded default TestExecutionListener class names from location [META-INF/spring.factories]: [org.springframework.boot.test.autoconfigure.restdocs.RestDocsTestExecutionListener, org.springframework.boot.test.autoconfigure.web.client.MockRestServiceServerResetTestExecutionListener, org.springframework.boot.test.autoconfigure.web.servlet.MockMvcPrintOnlyOnFailureTestExecutionListener, org.springframework.boot.test.autoconfigure.web.servlet.WebDriverTestExecutionListener, org.springframework.boot.test.mock.mockito.MockitoTestExecutionListener, org.springframework.boot.test.mock.mockito.ResetMocksTestExecutionListener, org.springframework.test.context.web.ServletTestExecutionListener, org.springframework.test.context.support.DirtiesContextBeforeModesTestExecutionListener, org.springframework.test.context.support.DependencyInjectionTestExecutionListener, org.springframework.test.context.support.DirtiesContextTestExecutionListener, org.springframework.test.context.transaction.TransactionalTestExecutionListener, org.springframework.test.context.jdbc.SqlScriptsTestExecutionListener]
20:44:35.320 [Test worker] INFO org.springframework.boot.test.context.SpringBootTestContextBootstrapper - Using TestExecutionListeners: [org.springframework.test.context.web.ServletTestExecutionListener@44e8ae6c, org.springframework.test.context.support.DirtiesContextBeforeModesTestExecutionListener@d6be644, org.springframework.boot.test.autoconfigure.SpringBootDependencyInjectionTestExecutionListener@523eb97d, org.springframework.test.context.support.DirtiesContextTestExecutionListener@5c4742cd, org.springframework.test.context.transaction.TransactionalTestExecutionListener@5ddd0ce7, org.springframework.test.context.jdbc.SqlScriptsTestExecutionListener@f5688de, org.springframework.boot.test.mock.mockito.ResetMocksTestExecutionListener@28842d18, org.springframework.boot.test.autoconfigure.web.client.MockRestServiceServerResetTestExecutionListener@4e3353ef, org.springframework.boot.test.autoconfigure.web.servlet.MockMvcPrintOnlyOnFailureTestExecutionListener@7bbcc4fa, org.springframework.boot.test.autoconfigure.restdocs.RestDocsTestExecutionListener@4017b32b, org.springframework.boot.test.autoconfigure.web.servlet.WebDriverTestExecutionListener@49f2badc, org.springframework.boot.test.mock.mockito.MockitoTestExecutionListener@1d0a3426]
20:44:35.325 [Test worker] DEBUG org.springframework.test.annotation.ProfileValueUtils - Retrieved @ProfileValueSourceConfiguration [null] for test class [com.restaurante.RestauranteOk5ApplicationTests]
20:44:35.330 [Test worker] DEBUG org.springframework.test.annotation.ProfileValueUtils - Retrieved ProfileValueSource type [class org.springframework.test.annotation.SystemProfileValueSource] for class [com.restaurante.RestauranteOk5ApplicationTests]
20:44:35.340 [Test worker] DEBUG org.springframework.test.annotation.ProfileValueUtils - Retrieved @ProfileValueSourceConfiguration [null] for test class [com.restaurante.RestauranteOk5ApplicationTests]
20:44:35.340 [Test worker] DEBUG org.springframework.test.annotation.ProfileValueUtils - Retrieved ProfileValueSource type [class org.springframework.test.annotation.SystemProfileValueSource] for class [com.restaurante.RestauranteOk5ApplicationTests]
20:44:35.375 [Test worker] DEBUG org.springframework.test.context.support.AbstractDirtiesContextTestExecutionListener - Before test class: context [DefaultTestContext@aa4c13 testClass = RestauranteOk5ApplicationTests, testInstance = [null], testMethod = [null], testException = [null], mergedContextConfiguration = [WebMergedContextConfiguration@2dd5752a testClass = RestauranteOk5ApplicationTests, locations = '{}', classes = '{class com.restaurante.RestauranteOk5Application}', contextInitializerClasses = '[]', activeProfiles = '{}', propertySourceLocations = '{}', propertySourceProperties = '{org.springframework.boot.test.context.SpringBootTestContextBootstrapper=true}', contextCustomizers = set[org.springframework.boot.test.autoconfigure.properties.PropertyMappingContextCustomizer@0, org.springframework.boot.test.autoconfigure.web.servlet.WebDriverContextCustomizerFactory$Customizer@71d70f66, org.springframework.boot.test.context.SpringBootTestContextCustomizer@1c0cffda, org.springframework.boot.test.context.filter.ExcludeFilterContextCustomizer@6b4b8d2, org.springframework.boot.test.json.DuplicateJsonObjectContextCustomizerFactory$DuplicateJsonObjectContextCustomizer@67746092, org.springframework.boot.test.mock.mockito.MockitoContextCustomizer@0], resourceBasePath = 'src/main/webapp', contextLoader = 'org.springframework.boot.test.context.SpringBootContextLoader', parent = [null]], attributes = map['org.springframework.test.context.web.ServletTestExecutionListener.activateListener' -> true]], class annotated with @DirtiesContext [false] with mode [null].
20:44:35.375 [Test worker] DEBUG org.springframework.test.annotation.ProfileValueUtils - Retrieved @ProfileValueSourceConfiguration [null] for test class [com.restaurante.RestauranteOk5ApplicationTests]
20:44:35.380 [Test worker] DEBUG org.springframework.test.annotation.ProfileValueUtils - Retrieved ProfileValueSource type [class org.springframework.test.annotation.SystemProfileValueSource] for class [com.restaurante.RestauranteOk5ApplicationTests]
20:44:35.465 [Test worker] DEBUG org.springframework.core.env.StandardEnvironment - Adding PropertySource 'systemProperties' with lowest search precedence
20:44:35.465 [Test worker] DEBUG org.springframework.core.env.StandardEnvironment - Adding PropertySource 'systemEnvironment' with lowest search precedence
20:44:35.465 [Test worker] DEBUG org.springframework.core.env.StandardEnvironment - Initialized StandardEnvironment with PropertySources [MapPropertySource@59752223 {name='systemProperties', properties={java.runtime.name=Java(TM) SE Runtime Environment, sun.boot.library.path=C:\Program Files\Java\jdk1.8.0_144\jre\bin, java.vm.version=25.144-b01, java.vm.vendor=Oracle Corporation, java.vendor.url=http://java.oracle.com/, path.separator=;, java.vm.name=Java HotSpot(TM) 64-Bit Server VM, file.encoding.pkg=sun.io, user.script=, sun.java.launcher=SUN_STANDARD, user.country=ES, sun.os.patch.level=, java.vm.specification.name=Java Virtual Machine Specification, user.dir=C:\Users\checo\Documents\spring-workspace\RestauranteOK-6, java.runtime.version=1.8.0_144-b01, java.awt.graphicsenv=sun.awt.Win32GraphicsEnvironment, java.endorsed.dirs=C:\Program Files\Java\jdk1.8.0_144\jre\lib\endorsed, os.arch=amd64, java.io.tmpdir=C:\Users\checo\AppData\Local\Temp\, line.separator=
, java.vm.specification.vendor=Oracle Corporation, user.variant=, os.name=Windows 10, sun.jnu.encoding=Cp1252, java.library.path=C:\Program Files\Java\jdk1.8.0_144\bin;C:\Windows\Sun\Java\bin;C:\Windows\system32;C:\Windows;C:\ProgramData\Oracle\Java\javapath;C:\Windows\system32;C:\Windows;C:\Windows\System32\Wbem;C:\Windows\System32\WindowsPowerShell\v1.0\;C:\Program Files (x86)\Intel\OpenCL SDK\2.0\bin\x86;C:\Program Files (x86)\Intel\OpenCL SDK\2.0\bin\x64;C:\Program Files\Microsoft SQL Server\110\Tools\Binn\;C:\Program Files\Microsoft SQL Server\110\DTS\Binn\;C:\Program Files (x86)\Microsoft SQL Server\110\Tools\Binn\;C:\Program Files (x86)\Microsoft SQL Server\110\Tools\Binn\ManagementStudio\;C:\Program Files (x86)\Microsoft Visual Studio 10.0\Common7\IDE\PrivateAssemblies\;C:\Program Files (x86)\Microsoft SQL Server\110\DTS\Binn\;., java.specification.name=Java Platform API Specification, java.class.version=52.0, org.gradle.native=false, sun.management.compiler=HotSpot 64-Bit Tiered Compilers, os.version=10.0, user.home=C:\Users\checo, user.timezone=America/Mexico_City, java.awt.printerjob=sun.awt.windows.WPrinterJob, file.encoding=windows-1252, java.specification.version=1.8, java.class.path=C:\Users\checo\Documents\spring-workspace\RestauranteOK-6\build\classes\java\test;C:\Users\checo\Documents\spring-workspace\RestauranteOK-6\build\resources\test;C:\Users\checo\Documents\spring-workspace\RestauranteOK-6\build\classes\java\main;C:\Users\checo\Documents\spring-workspace\RestauranteOK-6\build\resources\main;C:\Users\checo\.gradle\caches\modules-2\files-2.1\org.springframework.boot\spring-boot-starter-data-jpa\2.0.0.M5\7a51c922581611b15f767cd17e14f4f9db60399b\spring-boot-starter-data-jpa-2.0.0.M5.jar;C:\Users\checo\.gradle\caches\modules-2\files-2.1\org.springframework.boot\spring-boot-starter-web-services\2.0.0.M5\a95f4083d12066c2ad15e0c13652d71a4ec3a2e\spring-boot-starter-web-services-2.0.0.M5.jar;C:\Users\checo\.gradle\caches\modules-2\files-2.1\org.springframework.boot\spring-boot-starter-websocket\2.0.0.M5\7ce54ddae6b6c019cb1ea8060c5d7c798539d002\spring-boot-starter-websocket-2.0.0.M5.jar;C:\Users\checo\.gradle\caches\modules-2\files-2.1\org.springframework.boot\spring-boot-starter-web\2.0.0.M5\24eae1fdad773e958d9bab5beb332ecf3fd21d04\spring-boot-starter-web-2.0.0.M5.jar;C:\Users\checo\.gradle\caches\modules-2\files-2.1\mysql\mysql-connector-java\5.1.44\61b6b998192c85bb581c6be90e03dcd4b9079db4\mysql-connector-java-5.1.44.jar;C:\Users\checo\.gradle\caches\modules-2\files-2.1\org.springframework.boot\spring-boot-starter-test\2.0.0.M5\99cf8b580f1b164faec0ec45d465fd1a8e4c2904\spring-boot-starter-test-2.0.0.M5.jar;C:\Users\checo\.gradle\caches\modules-2\files-2.1\org.springframework.boot\spring-boot-starter-aop\2.0.0.M5\1c71fd43cc812cf72b15f2d216ef9a0bea4e8584\spring-boot-starter-aop-2.0.0.M5.jar;C:\Users\checo\.gradle\caches\modules-2\files-2.1\org.springframework.boot\spring-boot-starter-jdbc\2.0.0.M5\83d7f9f97d4e5501d3d5ce0c42501cebabf6bb5c\spring-boot-starter-jdbc-2.0.0.M5.jar;C:\Users\checo\.gradle\caches\modules-2\files-2.1\org.springframework.boot\spring-boot-starter-json\2.0.0.M5\b9a48a0ea21bce60a71011f85e4494b70e0f1f03\spring-boot-starter-json-2.0.0.M5.jar;C:\Users\checo\.gradle\caches\modules-2\files-2.1\org.springframework.boot\spring-boot-starter\2.0.0.M5\43635ad065765d9e9bfdbf7009d8961e1d852a4c\spring-boot-starter-2.0.0.M5.jar;C:\Users\checo\.gradle\caches\modules-2\files-2.1\org.hibernate\hibernate-core\5.2.11.Final\c7bc35a9caccb66f6b7209849c5feab8241abb76\hibernate-core-5.2.11.Final.jar;C:\Users\checo\.gradle\caches\modules-2\files-2.1\javax.transaction\javax.transaction-api\1.2\d81aff979d603edd90dcd8db2abc1f4ce6479e3e\javax.transaction-api-1.2.jar;C:\Users\checo\.gradle\caches\modules-2\files-2.1\org.springframework.data\spring-data-jpa\2.0.0.RELEASE\37298e64c40bfd4b51335df41afa8a5e509ba5de\spring-data-jpa-2.0.0.RELEASE.jar;C:\Users\checo\.gradle\caches\modules-2\files-2.1\org.springframework\spring-aspects\5.0.0.RELEASE\bf63871e3c0fc83d550c7f54c67a376a1b896180\spring-aspects-5.0.0.RELEASE.jar;C:\Users\checo\.gradle\caches\modules-2\files-2.1\org.springframework.boot\spring-boot-starter-tomcat\2.0.0.M5\39709bc8ea0727e498877c1d1e7bcb7c3eb037f6\spring-boot-starter-tomcat-2.0.0.M5.jar;C:\Users\checo\.gradle\caches\modules-2\files-2.1\org.hibernate.validator\hibernate-validator\6.0.2.Final\41c0d6a3ce1298b09a9ddb944bd251c8d1345b5c\hibernate-validator-6.0.2.Final.jar;C:\Users\checo\.gradle\caches\modules-2\files-2.1\org.springframework.ws\spring-ws-core\2.4.0.RELEASE\b4c17b5a17f14927efb389edfa0cc7f3fb0ff65b\spring-ws-core-2.4.0.RELEASE.jar;C:\Users\checo\.gradle\caches\modules-2\files-2.1\org.springframework\spring-webmvc\5.0.0.RELEASE\7efad8565e5e609d1ff301043b8ea31080796391\spring-webmvc-5.0.0.RELEASE.jar;C:\Users\checo\.gradle\caches\modules-2\files-2.1\org.springframework\spring-websocket\5.0.0.RELEASE\3f01f07d786ed8ffba08310d0a37ac5bfdb75bb7\spring-websocket-5.0.0.RELEASE.jar;C:\Users\checo\.gradle\caches\modules-2\files-2.1\org.springframework\spring-web\5.0.0.RELEASE\f5c2d9d5668534c308a1ca4eda070cd01320af65\spring-web-5.0.0.RELEASE.jar;C:\Users\checo\.gradle\caches\modules-2\files-2.1\org.springframework\spring-oxm\5.0.0.RELEASE\cb7d4d2e9ab91ce756c7e7cf053b3ac6547e89b5\spring-oxm-5.0.0.RELEASE.jar;C:\Users\checo\.gradle\caches\modules-2\files-2.1\org.springframework\spring-messaging\5.0.0.RELEASE\166b6391f50823bc3d234455642dc5f85ed4350d\spring-messaging-5.0.0.RELEASE.jar;C:\Users\checo\.gradle\caches\modules-2\files-2.1\org.springframework.boot\spring-boot-test-autoconfigure\2.0.0.M5\7b249ede1134de624ccac65833d8bc9d30bc07ce\spring-boot-test-autoconfigure-2.0.0.M5.jar;C:\Users\checo\.gradle\caches\modules-2\files-2.1\org.springframework.boot\spring-boot-test\2.0.0.M5\2851cc485015f560d11054013fa77b39829c08a\spring-boot-test-2.0.0.M5.jar;C:\Users\checo\.gradle\caches\modules-2\files-2.1\com.jayway.jsonpath\json-path\2.4.0\765a4401ceb2dc8d40553c2075eb80a8fa35c2ae\json-path-2.4.0.jar;C:\Users\checo\.gradle\caches\modules-2\files-2.1\junit\junit\4.12\2973d150c0dc1fefe998f834810d68f278ea58ec\junit-4.12.jar;C:\Users\checo\.gradle\caches\modules-2\files-2.1\org.assertj\assertj-core\3.8.0\b209d90ff2e279bee3e02547ee7b11349c52d0e3\assertj-core-3.8.0.jar;C:\Users\checo\.gradle\caches\modules-2\files-2.1\org.mockito\mockito-core\2.10.0\871efe6f2607d8c93dd25b8c1fa09851d4286dd6\mockito-core-2.10.0.jar;C:\Users\checo\.gradle\caches\modules-2\files-2.1\org.hamcrest\hamcrest-library\1.3\4785a3c21320980282f9f33d0d1264a69040538f\hamcrest-library-1.3.jar;C:\Users\checo\.gradle\caches\modules-2\files-2.1\org.hamcrest\hamcrest-core\1.3\42a25dc3219429f0e5d060061f71acb49bf010a0\hamcrest-core-1.3.jar;C:\Users\checo\.gradle\caches\modules-2\files-2.1\org.skyscreamer\jsonassert\1.5.0\6c9d5fe2f59da598d9aefc1cfc6528ff3cf32df3\jsonassert-1.5.0.jar;C:\Users\checo\.gradle\caches\modules-2\files-2.1\org.springframework\spring-test\5.0.0.RELEASE\f39db690694a902197866df3c89ac277605b63c4\spring-test-5.0.0.RELEASE.jar;C:\Users\checo\.gradle\caches\modules-2\files-2.1\org.springframework.boot\spring-boot-autoconfigure\2.0.0.M5\975d5afb6a8dee42650842c5821d905657747bbc\spring-boot-autoconfigure-2.0.0.M5.jar;C:\Users\checo\.gradle\caches\modules-2\files-2.1\org.springframework.boot\spring-boot\2.0.0.M5\31de735c7a77fa2961185d48ce66570d74f656ae\spring-boot-2.0.0.M5.jar;C:\Users\checo\.gradle\caches\modules-2\files-2.1\org.springframework.ws\spring-xml\2.4.0.RELEASE\48edff3499a74c6c0e14f27139a4cb934711d022\spring-xml-2.4.0.RELEASE.jar;C:\Users\checo\.gradle\caches\modules-2\files-2.1\org.springframework\spring-context\5.0.0.RELEASE\bf5165fcd47f582f9addcd2a41424b08ea00d880\spring-context-5.0.0.RELEASE.jar;C:\Users\checo\.gradle\caches\modules-2\files-2.1\org.springframework\spring-aop\5.0.0.RELEASE\717d06b89e32f51f329094f709662f8414c0843f\spring-aop-5.0.0.RELEASE.jar;C:\Users\checo\.gradle\caches\modules-2\files-2.1\org.springframework\spring-orm\5.0.0.RELEASE\3b129d4a305f0fba7c4e9210b6dd3e6cb6e9f6c4\spring-orm-5.0.0.RELEASE.jar;C:\Users\checo\.gradle\caches\modules-2\files-2.1\org.springframework\spring-jdbc\5.0.0.RELEASE\e6c73a4dd93956fcfd59887c64f0989f3fd004b5\spring-jdbc-5.0.0.RELEASE.jar;C:\Users\checo\.gradle\caches\modules-2\files-2.1\org.springframework.data\spring-data-commons\2.0.0.RELEASE\b97dad2d501c2baf49b497733bb19f7a05d52142\spring-data-commons-2.0.0.RELEASE.jar;C:\Users\checo\.gradle\caches\modules-2\files-2.1\org.springframework\spring-tx\5.0.0.RELEASE\359eb5245c54257085b9eb2fc11c68dde3325d7\spring-tx-5.0.0.RELEASE.jar;C:\Users\checo\.gradle\caches\modules-2\files-2.1\org.springframework\spring-beans\5.0.0.RELEASE\6f95f071cfe29a84661648e5445dcb054be0cfa7\spring-beans-5.0.0.RELEASE.jar;C:\Users\checo\.gradle\caches\modules-2\files-2.1\org.springframework\spring-expression\5.0.0.RELEASE\48cdf1b2ea2a510c731e5e08f75299e3cb8e9d68\spring-expression-5.0.0.RELEASE.jar;C:\Users\checo\.gradle\caches\modules-2\files-2.1\org.springframework\spring-core\5.0.0.RELEASE\3a9bb910e8943b5ef59b193a1621daba46456ca9\spring-core-5.0.0.RELEASE.jar;C:\Users\checo\.gradle\caches\modules-2\files-2.1\org.xmlunit\xmlunit-core\2.5.0\7464e446df1051ac5196ffd2c28ee903a1104133\xmlunit-core-2.5.0.jar;C:\Users\checo\.gradle\caches\modules-2\files-2.1\org.springframework.boot\spring-boot-starter-logging\2.0.0.M5\ed3e13b588ee8ec5b43b4bbc9f9880a412c4b026\spring-boot-starter-logging-2.0.0.M5.jar;C:\Users\checo\.gradle\caches\modules-2\files-2.1\javax.annotation\javax.annotation-api\1.3.1\20a2c0583598d68b0835474bbe07792d4f3b219f\javax.annotation-api-1.3.1.jar;C:\Users\checo\.gradle\caches\modules-2\files-2.1\org.yaml\snakeyaml\1.18\e4a441249ade301985cb8d009d4e4a72b85bf68e\snakeyaml-1.18.jar;C:\Users\checo\.gradle\caches\modules-2\files-2.1\org.aspectj\aspectjweaver\1.8.11\9807e0e13c8a295f15882721db50fa3d142c44a9\aspectjweaver-1.8.11.jar;C:\Users\checo\.gradle\caches\modules-2\files-2.1\com.zaxxer\HikariCP\2.7.2\8eadf835d2f74c30b75ffcb2693bb6853b85cf1e\HikariCP-2.7.2.jar;C:\Users\checo\.gradle\caches\modules-2\files-2.1\org.hibernate.common\hibernate-commons-annotations\5.0.1.Final\71e1cff3fcb20d3b3af4f3363c3ddb24d33c6879\hibernate-commons-annotations-5.0.1.Final.jar;C:\Users\checo\.gradle\caches\modules-2\files-2.1\org.jboss.logging\jboss-logging\3.3.1.Final\c46217ab74b532568c0ed31dc599db3048bd1b67\jboss-logging-3.3.1.Final.jar;C:\Users\checo\.gradle\caches\modules-2\files-2.1\org.hibernate.javax.persistence\hibernate-jpa-2.1-api\1.0.0.Final\5e731d961297e5a07290bfaf3db1fbc8bbbf405a\hibernate-jpa-2.1-api-1.0.0.Final.jar;C:\Users\checo\.gradle\caches\modules-2\files-2.1\org.javassist\javassist\3.22.0-CR2\44eaf0990dea92f4bca4b9931b2239c0e8756ee7\javassist-3.22.0-CR2.jar;C:\Users\checo\.gradle\caches\modules-2\files-2.1\antlr\antlr\2.7.7\83cd2cd674a217ade95a4bb83a8a14f351f48bd0\antlr-2.7.7.jar;C:\Users\checo\.gradle\caches\modules-2\files-2.1\org.jboss\jandex\2.0.3.Final\bfc4d6257dbff7a33a357f0de116be6ff951d849\jandex-2.0.3.Final.jar;C:\Users\checo\.gradle\caches\modules-2\files-2.1\com.fasterxml\classmate\1.3.4\3d5f48f10bbe4eb7bd862f10c0583be2e0053c6\classmate-1.3.4.jar;C:\Users\checo\.gradle\caches\modules-2\files-2.1\dom4j\dom4j\1.6.1\5d3ccc056b6f056dbf0dddfdf43894b9065a8f94\dom4j-1.6.1.jar;C:\Users\checo\.gradle\caches\modules-2\files-2.1\ch.qos.logback\logback-classic\1.2.3\7c4f3c474fb2c041d8028740440937705ebb473a\logback-classic-1.2.3.jar;C:\Users\checo\.gradle\caches\modules-2\files-2.1\org.slf4j\jul-to-slf4j\1.7.25\af5364cd6679bfffb114f0dec8a157aaa283b76\jul-to-slf4j-1.7.25.jar;C:\Users\checo\.gradle\caches\modules-2\files-2.1\org.slf4j\log4j-over-slf4j\1.7.25\a87bb47468f47ee7aabbd54f93e133d4215769c3\log4j-over-slf4j-1.7.25.jar;C:\Users\checo\.gradle\caches\modules-2\files-2.1\org.slf4j\slf4j-api\1.7.25\da76ca59f6a57ee3102f8f9bd9cee742973efa8a\slf4j-api-1.7.25.jar;C:\Users\checo\.gradle\caches\modules-2\files-2.1\com.fasterxml.jackson.datatype\jackson-datatype-jdk8\2.9.1\dc5c9b4349c1c18388aa1ec5a9264e6893b732a8\jackson-datatype-jdk8-2.9.1.jar;C:\Users\checo\.gradle\caches\modules-2\files-2.1\com.fasterxml.jackson.datatype\jackson-datatype-jsr310\2.9.1\dbac0f60c8ea8c6e6cc6a761c0d8f300296fcf3d\jackson-datatype-jsr310-2.9.1.jar;C:\Users\checo\.gradle\caches\modules-2\files-2.1\com.fasterxml.jackson.module\jackson-module-parameter-names\2.9.1\df51ae82d0878f62f7bdcbd47d423e3cde04b3ef\jackson-module-parameter-names-2.9.1.jar;C:\Users\checo\.gradle\caches\modules-2\files-2.1\com.fasterxml.jackson.module\jackson-module-kotlin\2.9.1\cf37d75de23b87a664ea0b497b04fc601a783f2a\jackson-module-kotlin-2.9.1.jar;C:\Users\checo\.gradle\caches\modules-2\files-2.1\com.fasterxml.jackson.core\jackson-databind\2.9.1\716da1830a2043f18882fc036ec26eb32cbe5aff\jackson-databind-2.9.1.jar;C:\Users\checo\.gradle\caches\modules-2\files-2.1\org.apache.tomcat.embed\tomcat-embed-websocket\8.5.23\52f07abcae10dc7e1764304b0877def175c2c833\tomcat-embed-websocket-8.5.23.jar;C:\Users\checo\.gradle\caches\modules-2\files-2.1\org.apache.tomcat.embed\tomcat-embed-core\8.5.23\79261793a47f507890ee08f749b9d81774e4f7f0\tomcat-embed-core-8.5.23.jar;C:\Users\checo\.gradle\caches\modules-2\files-2.1\org.apache.tomcat.embed\tomcat-embed-el\8.5.23\98d979cde444dffa6d434c8377d0123b2dfa614c\tomcat-embed-el-8.5.23.jar;C:\Users\checo\.gradle\caches\modules-2\files-2.1\javax.validation\validation-api\2.0.0.Final\4a7ff48084bd336c4de1f79f027f6f77badf399e\validation-api-2.0.0.Final.jar;C:\Users\checo\.gradle\caches\modules-2\files-2.1\net.minidev\json-smart\2.3\7396407491352ce4fa30de92efb158adb76b5b\json-smart-2.3.jar;C:\Users\checo\.gradle\caches\modules-2\files-2.1\net.bytebuddy\byte-buddy\1.7.6\f79a6ca612ed13038efedbbba1ead83b8d6fe7ec\byte-buddy-1.7.6.jar;C:\Users\checo\.gradle\caches\modules-2\files-2.1\net.bytebuddy\byte-buddy-agent\1.7.6\e863f5ab595f480f42d641f22935437e679d4beb\byte-buddy-agent-1.7.6.jar;C:\Users\checo\.gradle\caches\modules-2\files-2.1\org.objenesis\objenesis\2.6\639033469776fd37c08358c6b92a4761feb2af4b\objenesis-2.6.jar;C:\Users\checo\.gradle\caches\modules-2\files-2.1\com.vaadin.external.google\android-json\0.0.20131108.vaadin1\fa26d351fe62a6a17f5cda1287c1c6110dec413f\android-json-0.0.20131108.vaadin1.jar;C:\Users\checo\.gradle\caches\modules-2\files-2.1\org.springframework\spring-jcl\5.0.0.RELEASE\ab0a2114cab7b9e04adf79d812c714f3cbf4abf7\spring-jcl-5.0.0.RELEASE.jar;C:\Users\checo\.gradle\caches\modules-2\files-2.1\com.fasterxml.jackson.core\jackson-annotations\2.9.0\7c10d545325e3a6e72e06381afe469fd40eb701\jackson-annotations-2.9.0.jar;C:\Users\checo\.gradle\caches\modules-2\files-2.1\com.fasterxml.jackson.core\jackson-core\2.9.1\60077fe98b11e4e7cf8af9b20609326a166d6ac4\jackson-core-2.9.1.jar;C:\Users\checo\.gradle\caches\modules-2\files-2.1\org.apache.tomcat\tomcat-annotations-api\8.5.23\aaf17df9fe0240e9e9d5375d24d5f177174b73d9\tomcat-annotations-api-8.5.23.jar;C:\Users\checo\.gradle\caches\modules-2\files-2.1\net.minidev\accessors-smart\1.2\c592b500269bfde36096641b01238a8350f8aa31\accessors-smart-1.2.jar;C:\Users\checo\.gradle\caches\modules-2\files-2.1\ch.qos.logback\logback-core\1.2.3\864344400c3d4d92dfeb0a305dc87d953677c03c\logback-core-1.2.3.jar;C:\Users\checo\.gradle\caches\modules-2\files-2.1\org.ow2.asm\asm\5.0.4\da08b8cce7bbf903602a25a3a163ae252435795\asm-5.0.4.jar, user.name=checo, java.vm.specification.version=1.8, sun.java.command=worker.org.gradle.process.internal.worker.GradleWorkerMain 'Gradle Test Executor 1', java.home=C:\Program Files\Java\jdk1.8.0_144\jre, sun.arch.data.model=64, user.language=es, java.specification.vendor=Oracle Corporation, awt.toolkit=sun.awt.windows.WToolkit, java.vm.info=mixed mode, java.version=1.8.0_144, java.ext.dirs=C:\Program Files\Java\jdk1.8.0_144\jre\lib\ext;C:\Windows\Sun\Java\lib\ext, sun.boot.class.path=C:\Program Files\Java\jdk1.8.0_144\jre\lib\resources.jar;C:\Program Files\Java\jdk1.8.0_144\jre\lib\rt.jar;C:\Program Files\Java\jdk1.8.0_144\jre\lib\sunrsasign.jar;C:\Program Files\Java\jdk1.8.0_144\jre\lib\jsse.jar;C:\Program Files\Java\jdk1.8.0_144\jre\lib\jce.jar;C:\Program Files\Java\jdk1.8.0_144\jre\lib\charsets.jar;C:\Program Files\Java\jdk1.8.0_144\jre\lib\jfr.jar;C:\Program Files\Java\jdk1.8.0_144\jre\classes, java.vendor=Oracle Corporation, org.gradle.test.worker=1, file.separator=\, java.vendor.url.bug=http://bugreport.sun.com/bugreport/, sun.io.unicode.encoding=UnicodeLittle, sun.cpu.endian=little, sun.desktop=windows, sun.cpu.isalist=amd64}}, SystemEnvironmentPropertySource@1072179791 {name='systemEnvironment', properties={USERDOMAIN_ROAMINGPROFILE=DESKTOP-SFD6SK7, PROCESSOR_LEVEL=6, SESSIONNAME=Console, ALLUSERSPROFILE=C:\ProgramData, PROCESSOR_ARCHITECTURE=AMD64, PSModulePath=C:\Windows\system32\WindowsPowerShell\v1.0\Modules\;C:\Program Files (x86)\Microsoft SQL Server\110\Tools\PowerShell\Modules\, SystemDrive=C:, DIRNAME=C:\Users\checo\Documents\spring-workspace\RestauranteOK-6\, USERNAME=checo, CMD_LINE_ARGS=build, ProgramFiles(x86)=C:\Program Files (x86), FPS_BROWSER_USER_PROFILE_STRING=Default, APP_HOME=C:\Users\checo\Documents\spring-workspace\RestauranteOK-6\, PATHEXT=.COM;.EXE;.BAT;.CMD;.VBS;.VBE;.JS;.JSE;.WSF;.WSH;.MSC, ProgramData=C:\ProgramData, ProgramW6432=C:\Program Files, HOMEPATH=\Users\checo, PROCESSOR_IDENTIFIER=Intel64 Family 6 Model 42 Stepping 7, GenuineIntel, ProgramFiles=C:\Program Files, PUBLIC=C:\Users\Public, windir=C:\Windows, =::=::\, _SKIP=2, LOCALAPPDATA=C:\Users\checo\AppData\Local, USERDOMAIN=DESKTOP-SFD6SK7, FPS_BROWSER_APP_PROFILE_STRING=Internet Explorer, LOGONSERVER=\\DESKTOP-SFD6SK7, JAVA_HOME=C:\Program Files\Java\jdk1.8.0_144, PROMPT=$P$G, VS120COMNTOOLS=C:\Program Files (x86)\Microsoft Visual Studio 12.0\Common7\Tools\, =C:=C:\Users\checo\Documents\spring-workspace\RestauranteOK-6, APPDATA=C:\Users\checo\AppData\Roaming, JAVA_EXE=C:\Program Files\Java\jdk1.8.0_144/bin/java.exe, CommonProgramFiles=C:\Program Files\Common Files, Path=C:\ProgramData\Oracle\Java\javapath;C:\Windows\system32;C:\Windows;C:\Windows\System32\Wbem;C:\Windows\System32\WindowsPowerShell\v1.0\;C:\Program Files (x86)\Intel\OpenCL SDK\2.0\bin\x86;C:\Program Files (x86)\Intel\OpenCL SDK\2.0\bin\x64;C:\Program Files\Microsoft SQL Server\110\Tools\Binn\;C:\Program Files\Microsoft SQL Server\110\DTS\Binn\;C:\Program Files (x86)\Microsoft SQL Server\110\Tools\Binn\;C:\Program Files (x86)\Microsoft SQL Server\110\Tools\Binn\ManagementStudio\;C:\Program Files (x86)\Microsoft Visual Studio 10.0\Common7\IDE\PrivateAssemblies\;C:\Program Files (x86)\Microsoft SQL Server\110\DTS\Binn\, OS=Windows_NT, COMPUTERNAME=DESKTOP-SFD6SK7, PROCESSOR_REVISION=2a07, CLASSPATH=C:\Users\checo\Documents\spring-workspace\RestauranteOK-6\\gradle\wrapper\gradle-wrapper.jar, CommonProgramW6432=C:\Program Files\Common Files, ComSpec=C:\Windows\system32\cmd.exe, APP_BASE_NAME=gradlew, SystemRoot=C:\Windows, TEMP=C:\Users\checo\AppData\Local\Temp, HOMEDRIVE=C:, USERPROFILE=C:\Users\checo, TMP=C:\Users\checo\AppData\Local\Temp, CommonProgramFiles(x86)=C:\Program Files (x86)\Common Files, NUMBER_OF_PROCESSORS=2}}]
20:44:35.500 [Test worker] DEBUG org.springframework.test.context.support.TestPropertySourceUtils - Adding inlined properties to environment: {spring.jmx.enabled=false, org.springframework.boot.test.context.SpringBootTestContextBootstrapper=true, server.port=-1}
20:44:35.500 [Test worker] DEBUG org.springframework.core.env.StandardEnvironment - Adding PropertySource 'Inlined Test Properties' with highest search precedence

  .   ____          _            __ _ _
 /\\ / ___'_ __ _ _(_)_ __  __ _ \ \ \ \
( ( )\___ | '_ | '_| | '_ \/ _` | \ \ \ \
 \\/  ___)| |_)| | | | | || (_| |  ) ) ) )
  '  |____| .__|_| |_|_| |_\__, | / / / /
 =========|_|==============|___/=/_/_/_/
 :: Spring Boot ::             (v2.0.0.M5)

2017-11-05 20:44:37.605  INFO 2336 --- [    Test worker] c.r.RestauranteOk5ApplicationTests       : Starting RestauranteOk5ApplicationTests on DESKTOP-SFD6SK7 with PID 2336 (started by checo in C:\Users\checo\Documents\spring-workspace\RestauranteOK-6)
2017-11-05 20:44:37.615  INFO 2336 --- [    Test worker] c.r.RestauranteOk5ApplicationTests       : No active profile set, falling back to default profiles: default
2017-11-05 20:44:38.070  INFO 2336 --- [    Test worker] o.s.w.c.s.GenericWebApplicationContext   : Refreshing org.springframework.web.context.support.GenericWebApplicationContext@4cfd5520: startup date [Sun Nov 05 20:44:38 CST 2017]; root of context hierarchy
2017-11-05 20:44:48.974  INFO 2336 --- [    Test worker] trationDelegate$BeanPostProcessorChecker : Bean 'org.springframework.ws.config.annotation.DelegatingWsConfiguration' of type [org.springframework.ws.config.annotation.DelegatingWsConfiguration$$EnhancerBySpringCGLIB$$79d05a32] is not eligible for getting processed by all BeanPostProcessors (for example: not eligible for auto-proxying)
2017-11-05 20:44:49.409  INFO 2336 --- [    Test worker] .w.s.a.s.AnnotationActionEndpointMapping : Supporting [WS-Addressing August 2004, WS-Addressing 1.0]
2017-11-05 20:44:51.710  INFO 2336 --- [    Test worker] com.zaxxer.hikari.HikariDataSource       : testdb - Starting...
2017-11-05 20:44:52.963  INFO 2336 --- [    Test worker] com.zaxxer.hikari.HikariDataSource       : testdb - Start completed.
2017-11-05 20:44:53.298  INFO 2336 --- [    Test worker] j.LocalContainerEntityManagerFactoryBean : Building JPA container EntityManagerFactory for persistence unit 'default'
2017-11-05 20:44:53.403  INFO 2336 --- [    Test worker] o.hibernate.jpa.internal.util.LogHelper  : HHH000204: Processing PersistenceUnitInfo [
	name: default
	...]
2017-11-05 20:44:53.847  INFO 2336 --- [    Test worker] org.hibernate.Version                    : HHH000412: Hibernate Core {5.2.11.Final}
2017-11-05 20:44:53.847  INFO 2336 --- [    Test worker] org.hibernate.cfg.Environment            : HHH000206: hibernate.properties not found
2017-11-05 20:44:54.092  INFO 2336 --- [    Test worker] o.hibernate.annotations.common.Version   : HCANN000001: Hibernate Commons Annotations {5.0.1.Final}
2017-11-05 20:44:54.797  INFO 2336 --- [    Test worker] org.hibernate.dialect.Dialect            : HHH000400: Using dialect: org.hibernate.dialect.MySQL5Dialect
2017-11-05 20:44:56.215  WARN 2336 --- [    Test worker] org.hibernate.mapping.RootClass          : HHH000038: Composite-id class does not override equals(): com.restaurante.entity.ProductosInventarioPK
2017-11-05 20:44:56.215  WARN 2336 --- [    Test worker] org.hibernate.mapping.RootClass          : HHH000039: Composite-id class does not override hashCode(): com.restaurante.entity.ProductosInventarioPK
Hibernate: alter table detalle_ordenes add constraint FKmbdemskobndvperwmm18wcvwi foreign key (estado_id) references estados (id)
2017-11-05 20:45:00.110  WARN 2336 --- [    Test worker] o.h.t.s.i.ExceptionHandlerLoggedImpl     : GenerationTarget encountered exception accepting command : Error executing DDL via JDBC Statement

org.hibernate.tool.schema.spi.CommandAcceptanceException: Error executing DDL via JDBC Statement
	at org.hibernate.tool.schema.internal.exec.GenerationTargetToDatabase.accept(GenerationTargetToDatabase.java:67) ~[hibernate-core-5.2.11.Final.jar:5.2.11.Final]
	at org.hibernate.tool.schema.internal.AbstractSchemaMigrator.applySqlString(AbstractSchemaMigrator.java:559) ~[hibernate-core-5.2.11.Final.jar:5.2.11.Final]
	at org.hibernate.tool.schema.internal.AbstractSchemaMigrator.applySqlStrings(AbstractSchemaMigrator.java:504) ~[hibernate-core-5.2.11.Final.jar:5.2.11.Final]
	at org.hibernate.tool.schema.internal.AbstractSchemaMigrator.applyForeignKeys(AbstractSchemaMigrator.java:433) ~[hibernate-core-5.2.11.Final.jar:5.2.11.Final]
	at org.hibernate.tool.schema.internal.AbstractSchemaMigrator.performMigration(AbstractSchemaMigrator.java:249) ~[hibernate-core-5.2.11.Final.jar:5.2.11.Final]
	at org.hibernate.tool.schema.internal.AbstractSchemaMigrator.doMigration(AbstractSchemaMigrator.java:114) ~[hibernate-core-5.2.11.Final.jar:5.2.11.Final]
	at org.hibernate.tool.schema.spi.SchemaManagementToolCoordinator.performDatabaseAction(SchemaManagementToolCoordinator.java:183) [hibernate-core-5.2.11.Final.jar:5.2.11.Final]
	at org.hibernate.tool.schema.spi.SchemaManagementToolCoordinator.process(SchemaManagementToolCoordinator.java:72) [hibernate-core-5.2.11.Final.jar:5.2.11.Final]
	at org.hibernate.internal.SessionFactoryImpl.<init>(SessionFactoryImpl.java:313) [hibernate-core-5.2.11.Final.jar:5.2.11.Final]
	at org.hibernate.boot.internal.SessionFactoryBuilderImpl.build(SessionFactoryBuilderImpl.java:452) [hibernate-core-5.2.11.Final.jar:5.2.11.Final]
	at org.hibernate.jpa.boot.internal.EntityManagerFactoryBuilderImpl.build(EntityManagerFactoryBuilderImpl.java:889) [hibernate-core-5.2.11.Final.jar:5.2.11.Final]
	at org.springframework.orm.jpa.vendor.SpringHibernateJpaPersistenceProvider.createContainerEntityManagerFactory(SpringHibernateJpaPersistenceProvider.java:57) [spring-orm-5.0.0.RELEASE.jar:5.0.0.RELEASE]
	at org.springframework.orm.jpa.LocalContainerEntityManagerFactoryBean.createNativeEntityManagerFactory(LocalContainerEntityManagerFactoryBean.java:358) [spring-orm-5.0.0.RELEASE.jar:5.0.0.RELEASE]
	at org.springframework.orm.jpa.AbstractEntityManagerFactoryBean.buildNativeEntityManagerFactory(AbstractEntityManagerFactoryBean.java:384) [spring-orm-5.0.0.RELEASE.jar:5.0.0.RELEASE]
	at org.springframework.orm.jpa.AbstractEntityManagerFactoryBean.afterPropertiesSet(AbstractEntityManagerFactoryBean.java:373) [spring-orm-5.0.0.RELEASE.jar:5.0.0.RELEASE]
	at org.springframework.beans.factory.support.AbstractAutowireCapableBeanFactory.invokeInitMethods(AbstractAutowireCapableBeanFactory.java:1763) [spring-beans-5.0.0.RELEASE.jar:5.0.0.RELEASE]
	at org.springframework.beans.factory.support.AbstractAutowireCapableBeanFactory.initializeBean(AbstractAutowireCapableBeanFactory.java:1700) [spring-beans-5.0.0.RELEASE.jar:5.0.0.RELEASE]
	at org.springframework.beans.factory.support.AbstractAutowireCapableBeanFactory.doCreateBean(AbstractAutowireCapableBeanFactory.java:583) [spring-beans-5.0.0.RELEASE.jar:5.0.0.RELEASE]
	at org.springframework.beans.factory.support.AbstractAutowireCapableBeanFactory.createBean(AbstractAutowireCapableBeanFactory.java:502) [spring-beans-5.0.0.RELEASE.jar:5.0.0.RELEASE]
	at org.springframework.beans.factory.support.AbstractBeanFactory.lambda$doGetBean$0(AbstractBeanFactory.java:312) [spring-beans-5.0.0.RELEASE.jar:5.0.0.RELEASE]
	at org.springframework.beans.factory.support.DefaultSingletonBeanRegistry.getSingleton(DefaultSingletonBeanRegistry.java:228) ~[spring-beans-5.0.0.RELEASE.jar:5.0.0.RELEASE]
	at org.springframework.beans.factory.support.AbstractBeanFactory.doGetBean(AbstractBeanFactory.java:310) [spring-beans-5.0.0.RELEASE.jar:5.0.0.RELEASE]
	at org.springframework.beans.factory.support.AbstractBeanFactory.getBean(AbstractBeanFactory.java:200) [spring-beans-5.0.0.RELEASE.jar:5.0.0.RELEASE]
	at org.springframework.context.support.AbstractApplicationContext.getBean(AbstractApplicationContext.java:1083) ~[spring-context-5.0.0.RELEASE.jar:5.0.0.RELEASE]
	at org.springframework.context.support.AbstractApplicationContext.finishBeanFactoryInitialization(AbstractApplicationContext.java:858) ~[spring-context-5.0.0.RELEASE.jar:5.0.0.RELEASE]
	at org.springframework.context.support.AbstractApplicationContext.refresh(AbstractApplicationContext.java:549) ~[spring-context-5.0.0.RELEASE.jar:5.0.0.RELEASE]
	at org.springframework.boot.SpringApplication.refresh(SpringApplication.java:750) ~[spring-boot-2.0.0.M5.jar:2.0.0.M5]
	at org.springframework.boot.SpringApplication.refreshContext(SpringApplication.java:386) ~[spring-boot-2.0.0.M5.jar:2.0.0.M5]
	at org.springframework.boot.SpringApplication.run(SpringApplication.java:327) ~[spring-boot-2.0.0.M5.jar:2.0.0.M5]
	at org.springframework.boot.test.context.SpringBootContextLoader.loadContext(SpringBootContextLoader.java:138) ~[spring-boot-test-2.0.0.M5.jar:2.0.0.M5]
	at org.springframework.test.context.cache.DefaultCacheAwareContextLoaderDelegate.loadContextInternal(DefaultCacheAwareContextLoaderDelegate.java:99) ~[spring-test-5.0.0.RELEASE.jar:5.0.0.RELEASE]
	at org.springframework.test.context.cache.DefaultCacheAwareContextLoaderDelegate.loadContext(DefaultCacheAwareContextLoaderDelegate.java:117) ~[spring-test-5.0.0.RELEASE.jar:5.0.0.RELEASE]
	at org.springframework.test.context.support.DefaultTestContext.getApplicationContext(DefaultTestContext.java:107) ~[spring-test-5.0.0.RELEASE.jar:5.0.0.RELEASE]
	at org.springframework.test.context.web.ServletTestExecutionListener.setUpRequestContextIfNecessary(ServletTestExecutionListener.java:190) ~[spring-test-5.0.0.RELEASE.jar:5.0.0.RELEASE]
	at org.springframework.test.context.web.ServletTestExecutionListener.prepareTestInstance(ServletTestExecutionListener.java:132) ~[spring-test-5.0.0.RELEASE.jar:5.0.0.RELEASE]
	at org.springframework.test.context.TestContextManager.prepareTestInstance(TestContextManager.java:242) ~[spring-test-5.0.0.RELEASE.jar:5.0.0.RELEASE]
	at org.springframework.test.context.junit4.SpringJUnit4ClassRunner.createTest(SpringJUnit4ClassRunner.java:227) ~[spring-test-5.0.0.RELEASE.jar:5.0.0.RELEASE]
	at org.springframework.test.context.junit4.SpringJUnit4ClassRunner$1.runReflectiveCall(SpringJUnit4ClassRunner.java:289) ~[spring-test-5.0.0.RELEASE.jar:5.0.0.RELEASE]
	at org.junit.internal.runners.model.ReflectiveCallable.run(ReflectiveCallable.java:12) ~[junit-4.12.jar:4.12]
	at org.springframework.test.context.junit4.SpringJUnit4ClassRunner.methodBlock(SpringJUnit4ClassRunner.java:291) ~[spring-test-5.0.0.RELEASE.jar:5.0.0.RELEASE]
	at org.springframework.test.context.junit4.SpringJUnit4ClassRunner.runChild(SpringJUnit4ClassRunner.java:246) ~[spring-test-5.0.0.RELEASE.jar:5.0.0.RELEASE]
	at org.springframework.test.context.junit4.SpringJUnit4ClassRunner.runChild(SpringJUnit4ClassRunner.java:97) ~[spring-test-5.0.0.RELEASE.jar:5.0.0.RELEASE]
	at org.junit.runners.ParentRunner$3.run(ParentRunner.java:290) ~[junit-4.12.jar:4.12]
	at org.junit.runners.ParentRunner$1.schedule(ParentRunner.java:71) ~[junit-4.12.jar:4.12]
	at org.junit.runners.ParentRunner.runChildren(ParentRunner.java:288) ~[junit-4.12.jar:4.12]
	at org.junit.runners.ParentRunner.access$000(ParentRunner.java:58) ~[junit-4.12.jar:4.12]
	at org.junit.runners.ParentRunner$2.evaluate(ParentRunner.java:268) ~[junit-4.12.jar:4.12]
	at org.springframework.test.context.junit4.statements.RunBeforeTestClassCallbacks.evaluate(RunBeforeTestClassCallbacks.java:61) ~[spring-test-5.0.0.RELEASE.jar:5.0.0.RELEASE]
	at org.springframework.test.context.junit4.statements.RunAfterTestClassCallbacks.evaluate(RunAfterTestClassCallbacks.java:70) ~[spring-test-5.0.0.RELEASE.jar:5.0.0.RELEASE]
	at org.junit.runners.ParentRunner.run(ParentRunner.java:363) ~[junit-4.12.jar:4.12]
	at org.springframework.test.context.junit4.SpringJUnit4ClassRunner.run(SpringJUnit4ClassRunner.java:190) ~[spring-test-5.0.0.RELEASE.jar:5.0.0.RELEASE]
	at org.gradle.api.internal.tasks.testing.junit.JUnitTestClassExecuter.runTestClass(JUnitTestClassExecuter.java:114) ~[na:na]
	at org.gradle.api.internal.tasks.testing.junit.JUnitTestClassExecuter.execute(JUnitTestClassExecuter.java:57) ~[na:na]
	at org.gradle.api.internal.tasks.testing.junit.JUnitTestClassProcessor.processTestClass(JUnitTestClassProcessor.java:66) ~[na:na]
	at org.gradle.api.internal.tasks.testing.SuiteTestClassProcessor.processTestClass(SuiteTestClassProcessor.java:51) ~[na:na]
	at sun.reflect.NativeMethodAccessorImpl.invoke0(Native Method) ~[na:1.8.0_144]
	at sun.reflect.NativeMethodAccessorImpl.invoke(NativeMethodAccessorImpl.java:62) ~[na:1.8.0_144]
	at sun.reflect.DelegatingMethodAccessorImpl.invoke(DelegatingMethodAccessorImpl.java:43) ~[na:1.8.0_144]
	at java.lang.reflect.Method.invoke(Method.java:498) ~[na:1.8.0_144]
	at org.gradle.internal.dispatch.ReflectionDispatch.dispatch(ReflectionDispatch.java:35) ~[na:na]
	at org.gradle.internal.dispatch.ReflectionDispatch.dispatch(ReflectionDispatch.java:24) ~[na:na]
	at org.gradle.internal.dispatch.ContextClassLoaderDispatch.dispatch(ContextClassLoaderDispatch.java:32) ~[na:na]
	at org.gradle.internal.dispatch.ProxyDispatchAdapter$DispatchingInvocationHandler.invoke(ProxyDispatchAdapter.java:93) ~[na:na]
	at com.sun.proxy.$Proxy1.processTestClass(Unknown Source) ~[na:na]
	at org.gradle.api.internal.tasks.testing.worker.TestWorker.processTestClass(TestWorker.java:108) ~[na:na]
	at sun.reflect.NativeMethodAccessorImpl.invoke0(Native Method) ~[na:1.8.0_144]
	at sun.reflect.NativeMethodAccessorImpl.invoke(NativeMethodAccessorImpl.java:62) ~[na:1.8.0_144]
	at sun.reflect.DelegatingMethodAccessorImpl.invoke(DelegatingMethodAccessorImpl.java:43) ~[na:1.8.0_144]
	at java.lang.reflect.Method.invoke(Method.java:498) ~[na:1.8.0_144]
	at org.gradle.internal.dispatch.ReflectionDispatch.dispatch(ReflectionDispatch.java:35) ~[na:na]
	at org.gradle.internal.dispatch.ReflectionDispatch.dispatch(ReflectionDispatch.java:24) ~[na:na]
	at org.gradle.internal.remote.internal.hub.MessageHubBackedObjectConnection$DispatchWrapper.dispatch(MessageHubBackedObjectConnection.java:146) ~[na:na]
	at org.gradle.internal.remote.internal.hub.MessageHubBackedObjectConnection$DispatchWrapper.dispatch(MessageHubBackedObjectConnection.java:128) ~[na:na]
	at org.gradle.internal.remote.internal.hub.MessageHub$Handler.run(MessageHub.java:404) ~[na:na]
	at org.gradle.internal.concurrent.ExecutorPolicy$CatchAndRecordFailures.onExecute(ExecutorPolicy.java:63) ~[na:na]
	at org.gradle.internal.concurrent.ManagedExecutorImpl$1.run(ManagedExecutorImpl.java:46) ~[na:na]
	at java.util.concurrent.ThreadPoolExecutor.runWorker(ThreadPoolExecutor.java:1149) ~[na:1.8.0_144]
	at java.util.concurrent.ThreadPoolExecutor$Worker.run(ThreadPoolExecutor.java:624) ~[na:1.8.0_144]
	at org.gradle.internal.concurrent.ThreadFactoryImpl$ManagedThreadRunnable.run(ThreadFactoryImpl.java:55) ~[na:na]
	at java.lang.Thread.run(Thread.java:748) ~[na:1.8.0_144]
Caused by: java.sql.SQLException: Can't create table `rok`.`#sql-1480_48` (errno: 150 "Foreign key constraint is incorrectly formed")
	at com.mysql.jdbc.SQLError.createSQLException(SQLError.java:964) ~[mysql-connector-java-5.1.44.jar:5.1.44]
	at com.mysql.jdbc.MysqlIO.checkErrorPacket(MysqlIO.java:3973) ~[mysql-connector-java-5.1.44.jar:5.1.44]
	at com.mysql.jdbc.MysqlIO.checkErrorPacket(MysqlIO.java:3909) ~[mysql-connector-java-5.1.44.jar:5.1.44]
	at com.mysql.jdbc.MysqlIO.sendCommand(MysqlIO.java:2527) ~[mysql-connector-java-5.1.44.jar:5.1.44]
	at com.mysql.jdbc.MysqlIO.sqlQueryDirect(MysqlIO.java:2680) ~[mysql-connector-java-5.1.44.jar:5.1.44]
	at com.mysql.jdbc.ConnectionImpl.execSQL(ConnectionImpl.java:2483) ~[mysql-connector-java-5.1.44.jar:5.1.44]
	at com.mysql.jdbc.ConnectionImpl.execSQL(ConnectionImpl.java:2441) ~[mysql-connector-java-5.1.44.jar:5.1.44]
	at com.mysql.jdbc.StatementImpl.executeInternal(StatementImpl.java:845) ~[mysql-connector-java-5.1.44.jar:5.1.44]
	at com.mysql.jdbc.StatementImpl.execute(StatementImpl.java:745) ~[mysql-connector-java-5.1.44.jar:5.1.44]
	at com.zaxxer.hikari.pool.ProxyStatement.execute(ProxyStatement.java:95) ~[HikariCP-2.7.2.jar:na]
	at com.zaxxer.hikari.pool.HikariProxyStatement.execute(HikariProxyStatement.java) ~[HikariCP-2.7.2.jar:na]
	at org.hibernate.tool.schema.internal.exec.GenerationTargetToDatabase.accept(GenerationTargetToDatabase.java:54) ~[hibernate-core-5.2.11.Final.jar:5.2.11.Final]
	... 79 common frames omitted

Hibernate: alter table detalle_ordenes add constraint FKn305ta8p3nsyqaykrakcqulep foreign key (orden_id) references ordenes (id)
2017-11-05 20:45:00.610  WARN 2336 --- [    Test worker] o.h.t.s.i.ExceptionHandlerLoggedImpl     : GenerationTarget encountered exception accepting command : Error executing DDL via JDBC Statement

org.hibernate.tool.schema.spi.CommandAcceptanceException: Error executing DDL via JDBC Statement
	at org.hibernate.tool.schema.internal.exec.GenerationTargetToDatabase.accept(GenerationTargetToDatabase.java:67) ~[hibernate-core-5.2.11.Final.jar:5.2.11.Final]
	at org.hibernate.tool.schema.internal.AbstractSchemaMigrator.applySqlString(AbstractSchemaMigrator.java:559) ~[hibernate-core-5.2.11.Final.jar:5.2.11.Final]
	at org.hibernate.tool.schema.internal.AbstractSchemaMigrator.applySqlStrings(AbstractSchemaMigrator.java:504) ~[hibernate-core-5.2.11.Final.jar:5.2.11.Final]
	at org.hibernate.tool.schema.internal.AbstractSchemaMigrator.applyForeignKeys(AbstractSchemaMigrator.java:433) ~[hibernate-core-5.2.11.Final.jar:5.2.11.Final]
	at org.hibernate.tool.schema.internal.AbstractSchemaMigrator.performMigration(AbstractSchemaMigrator.java:249) ~[hibernate-core-5.2.11.Final.jar:5.2.11.Final]
	at org.hibernate.tool.schema.internal.AbstractSchemaMigrator.doMigration(AbstractSchemaMigrator.java:114) ~[hibernate-core-5.2.11.Final.jar:5.2.11.Final]
	at org.hibernate.tool.schema.spi.SchemaManagementToolCoordinator.performDatabaseAction(SchemaManagementToolCoordinator.java:183) [hibernate-core-5.2.11.Final.jar:5.2.11.Final]
	at org.hibernate.tool.schema.spi.SchemaManagementToolCoordinator.process(SchemaManagementToolCoordinator.java:72) [hibernate-core-5.2.11.Final.jar:5.2.11.Final]
	at org.hibernate.internal.SessionFactoryImpl.<init>(SessionFactoryImpl.java:313) [hibernate-core-5.2.11.Final.jar:5.2.11.Final]
	at org.hibernate.boot.internal.SessionFactoryBuilderImpl.build(SessionFactoryBuilderImpl.java:452) [hibernate-core-5.2.11.Final.jar:5.2.11.Final]
	at org.hibernate.jpa.boot.internal.EntityManagerFactoryBuilderImpl.build(EntityManagerFactoryBuilderImpl.java:889) [hibernate-core-5.2.11.Final.jar:5.2.11.Final]
	at org.springframework.orm.jpa.vendor.SpringHibernateJpaPersistenceProvider.createContainerEntityManagerFactory(SpringHibernateJpaPersistenceProvider.java:57) [spring-orm-5.0.0.RELEASE.jar:5.0.0.RELEASE]
	at org.springframework.orm.jpa.LocalContainerEntityManagerFactoryBean.createNativeEntityManagerFactory(LocalContainerEntityManagerFactoryBean.java:358) [spring-orm-5.0.0.RELEASE.jar:5.0.0.RELEASE]
	at org.springframework.orm.jpa.AbstractEntityManagerFactoryBean.buildNativeEntityManagerFactory(AbstractEntityManagerFactoryBean.java:384) [spring-orm-5.0.0.RELEASE.jar:5.0.0.RELEASE]
	at org.springframework.orm.jpa.AbstractEntityManagerFactoryBean.afterPropertiesSet(AbstractEntityManagerFactoryBean.java:373) [spring-orm-5.0.0.RELEASE.jar:5.0.0.RELEASE]
	at org.springframework.beans.factory.support.AbstractAutowireCapableBeanFactory.invokeInitMethods(AbstractAutowireCapableBeanFactory.java:1763) [spring-beans-5.0.0.RELEASE.jar:5.0.0.RELEASE]
	at org.springframework.beans.factory.support.AbstractAutowireCapableBeanFactory.initializeBean(AbstractAutowireCapableBeanFactory.java:1700) [spring-beans-5.0.0.RELEASE.jar:5.0.0.RELEASE]
	at org.springframework.beans.factory.support.AbstractAutowireCapableBeanFactory.doCreateBean(AbstractAutowireCapableBeanFactory.java:583) [spring-beans-5.0.0.RELEASE.jar:5.0.0.RELEASE]
	at org.springframework.beans.factory.support.AbstractAutowireCapableBeanFactory.createBean(AbstractAutowireCapableBeanFactory.java:502) [spring-beans-5.0.0.RELEASE.jar:5.0.0.RELEASE]
	at org.springframework.beans.factory.support.AbstractBeanFactory.lambda$doGetBean$0(AbstractBeanFactory.java:312) [spring-beans-5.0.0.RELEASE.jar:5.0.0.RELEASE]
	at org.springframework.beans.factory.support.DefaultSingletonBeanRegistry.getSingleton(DefaultSingletonBeanRegistry.java:228) ~[spring-beans-5.0.0.RELEASE.jar:5.0.0.RELEASE]
	at org.springframework.beans.factory.support.AbstractBeanFactory.doGetBean(AbstractBeanFactory.java:310) [spring-beans-5.0.0.RELEASE.jar:5.0.0.RELEASE]
	at org.springframework.beans.factory.support.AbstractBeanFactory.getBean(AbstractBeanFactory.java:200) [spring-beans-5.0.0.RELEASE.jar:5.0.0.RELEASE]
	at org.springframework.context.support.AbstractApplicationContext.getBean(AbstractApplicationContext.java:1083) ~[spring-context-5.0.0.RELEASE.jar:5.0.0.RELEASE]
	at org.springframework.context.support.AbstractApplicationContext.finishBeanFactoryInitialization(AbstractApplicationContext.java:858) ~[spring-context-5.0.0.RELEASE.jar:5.0.0.RELEASE]
	at org.springframework.context.support.AbstractApplicationContext.refresh(AbstractApplicationContext.java:549) ~[spring-context-5.0.0.RELEASE.jar:5.0.0.RELEASE]
	at org.springframework.boot.SpringApplication.refresh(SpringApplication.java:750) ~[spring-boot-2.0.0.M5.jar:2.0.0.M5]
	at org.springframework.boot.SpringApplication.refreshContext(SpringApplication.java:386) ~[spring-boot-2.0.0.M5.jar:2.0.0.M5]
	at org.springframework.boot.SpringApplication.run(SpringApplication.java:327) ~[spring-boot-2.0.0.M5.jar:2.0.0.M5]
	at org.springframework.boot.test.context.SpringBootContextLoader.loadContext(SpringBootContextLoader.java:138) ~[spring-boot-test-2.0.0.M5.jar:2.0.0.M5]
	at org.springframework.test.context.cache.DefaultCacheAwareContextLoaderDelegate.loadContextInternal(DefaultCacheAwareContextLoaderDelegate.java:99) ~[spring-test-5.0.0.RELEASE.jar:5.0.0.RELEASE]
	at org.springframework.test.context.cache.DefaultCacheAwareContextLoaderDelegate.loadContext(DefaultCacheAwareContextLoaderDelegate.java:117) ~[spring-test-5.0.0.RELEASE.jar:5.0.0.RELEASE]
	at org.springframework.test.context.support.DefaultTestContext.getApplicationContext(DefaultTestContext.java:107) ~[spring-test-5.0.0.RELEASE.jar:5.0.0.RELEASE]
	at org.springframework.test.context.web.ServletTestExecutionListener.setUpRequestContextIfNecessary(ServletTestExecutionListener.java:190) ~[spring-test-5.0.0.RELEASE.jar:5.0.0.RELEASE]
	at org.springframework.test.context.web.ServletTestExecutionListener.prepareTestInstance(ServletTestExecutionListener.java:132) ~[spring-test-5.0.0.RELEASE.jar:5.0.0.RELEASE]
	at org.springframework.test.context.TestContextManager.prepareTestInstance(TestContextManager.java:242) ~[spring-test-5.0.0.RELEASE.jar:5.0.0.RELEASE]
	at org.springframework.test.context.junit4.SpringJUnit4ClassRunner.createTest(SpringJUnit4ClassRunner.java:227) ~[spring-test-5.0.0.RELEASE.jar:5.0.0.RELEASE]
	at org.springframework.test.context.junit4.SpringJUnit4ClassRunner$1.runReflectiveCall(SpringJUnit4ClassRunner.java:289) ~[spring-test-5.0.0.RELEASE.jar:5.0.0.RELEASE]
	at org.junit.internal.runners.model.ReflectiveCallable.run(ReflectiveCallable.java:12) ~[junit-4.12.jar:4.12]
	at org.springframework.test.context.junit4.SpringJUnit4ClassRunner.methodBlock(SpringJUnit4ClassRunner.java:291) ~[spring-test-5.0.0.RELEASE.jar:5.0.0.RELEASE]
	at org.springframework.test.context.junit4.SpringJUnit4ClassRunner.runChild(SpringJUnit4ClassRunner.java:246) ~[spring-test-5.0.0.RELEASE.jar:5.0.0.RELEASE]
	at org.springframework.test.context.junit4.SpringJUnit4ClassRunner.runChild(SpringJUnit4ClassRunner.java:97) ~[spring-test-5.0.0.RELEASE.jar:5.0.0.RELEASE]
	at org.junit.runners.ParentRunner$3.run(ParentRunner.java:290) ~[junit-4.12.jar:4.12]
	at org.junit.runners.ParentRunner$1.schedule(ParentRunner.java:71) ~[junit-4.12.jar:4.12]
	at org.junit.runners.ParentRunner.runChildren(ParentRunner.java:288) ~[junit-4.12.jar:4.12]
	at org.junit.runners.ParentRunner.access$000(ParentRunner.java:58) ~[junit-4.12.jar:4.12]
	at org.junit.runners.ParentRunner$2.evaluate(ParentRunner.java:268) ~[junit-4.12.jar:4.12]
	at org.springframework.test.context.junit4.statements.RunBeforeTestClassCallbacks.evaluate(RunBeforeTestClassCallbacks.java:61) ~[spring-test-5.0.0.RELEASE.jar:5.0.0.RELEASE]
	at org.springframework.test.context.junit4.statements.RunAfterTestClassCallbacks.evaluate(RunAfterTestClassCallbacks.java:70) ~[spring-test-5.0.0.RELEASE.jar:5.0.0.RELEASE]
	at org.junit.runners.ParentRunner.run(ParentRunner.java:363) ~[junit-4.12.jar:4.12]
	at org.springframework.test.context.junit4.SpringJUnit4ClassRunner.run(SpringJUnit4ClassRunner.java:190) ~[spring-test-5.0.0.RELEASE.jar:5.0.0.RELEASE]
	at org.gradle.api.internal.tasks.testing.junit.JUnitTestClassExecuter.runTestClass(JUnitTestClassExecuter.java:114) ~[na:na]
	at org.gradle.api.internal.tasks.testing.junit.JUnitTestClassExecuter.execute(JUnitTestClassExecuter.java:57) ~[na:na]
	at org.gradle.api.internal.tasks.testing.junit.JUnitTestClassProcessor.processTestClass(JUnitTestClassProcessor.java:66) ~[na:na]
	at org.gradle.api.internal.tasks.testing.SuiteTestClassProcessor.processTestClass(SuiteTestClassProcessor.java:51) ~[na:na]
	at sun.reflect.NativeMethodAccessorImpl.invoke0(Native Method) ~[na:1.8.0_144]
	at sun.reflect.NativeMethodAccessorImpl.invoke(NativeMethodAccessorImpl.java:62) ~[na:1.8.0_144]
	at sun.reflect.DelegatingMethodAccessorImpl.invoke(DelegatingMethodAccessorImpl.java:43) ~[na:1.8.0_144]
	at java.lang.reflect.Method.invoke(Method.java:498) ~[na:1.8.0_144]
	at org.gradle.internal.dispatch.ReflectionDispatch.dispatch(ReflectionDispatch.java:35) ~[na:na]
	at org.gradle.internal.dispatch.ReflectionDispatch.dispatch(ReflectionDispatch.java:24) ~[na:na]
	at org.gradle.internal.dispatch.ContextClassLoaderDispatch.dispatch(ContextClassLoaderDispatch.java:32) ~[na:na]
	at org.gradle.internal.dispatch.ProxyDispatchAdapter$DispatchingInvocationHandler.invoke(ProxyDispatchAdapter.java:93) ~[na:na]
	at com.sun.proxy.$Proxy1.processTestClass(Unknown Source) ~[na:na]
	at org.gradle.api.internal.tasks.testing.worker.TestWorker.processTestClass(TestWorker.java:108) ~[na:na]
	at sun.reflect.NativeMethodAccessorImpl.invoke0(Native Method) ~[na:1.8.0_144]
	at sun.reflect.NativeMethodAccessorImpl.invoke(NativeMethodAccessorImpl.java:62) ~[na:1.8.0_144]
	at sun.reflect.DelegatingMethodAccessorImpl.invoke(DelegatingMethodAccessorImpl.java:43) ~[na:1.8.0_144]
	at java.lang.reflect.Method.invoke(Method.java:498) ~[na:1.8.0_144]
	at org.gradle.internal.dispatch.ReflectionDispatch.dispatch(ReflectionDispatch.java:35) ~[na:na]
	at org.gradle.internal.dispatch.ReflectionDispatch.dispatch(ReflectionDispatch.java:24) ~[na:na]
	at org.gradle.internal.remote.internal.hub.MessageHubBackedObjectConnection$DispatchWrapper.dispatch(MessageHubBackedObjectConnection.java:146) ~[na:na]
	at org.gradle.internal.remote.internal.hub.MessageHubBackedObjectConnection$DispatchWrapper.dispatch(MessageHubBackedObjectConnection.java:128) ~[na:na]
	at org.gradle.internal.remote.internal.hub.MessageHub$Handler.run(MessageHub.java:404) ~[na:na]
	at org.gradle.internal.concurrent.ExecutorPolicy$CatchAndRecordFailures.onExecute(ExecutorPolicy.java:63) ~[na:na]
	at org.gradle.internal.concurrent.ManagedExecutorImpl$1.run(ManagedExecutorImpl.java:46) ~[na:na]
	at java.util.concurrent.ThreadPoolExecutor.runWorker(ThreadPoolExecutor.java:1149) ~[na:1.8.0_144]
	at java.util.concurrent.ThreadPoolExecutor$Worker.run(ThreadPoolExecutor.java:624) ~[na:1.8.0_144]
	at org.gradle.internal.concurrent.ThreadFactoryImpl$ManagedThreadRunnable.run(ThreadFactoryImpl.java:55) ~[na:na]
	at java.lang.Thread.run(Thread.java:748) ~[na:1.8.0_144]
Caused by: java.sql.SQLException: Can't create table `rok`.`#sql-1480_48` (errno: 150 "Foreign key constraint is incorrectly formed")
[...]
2017-11-05 20:45:11.151  INFO 2336 --- [    Test worker] s.w.s.m.m.a.RequestMappingHandlerMapping : Mapped "{[/getConfiguraciones],methods=[GET]}" onto public java.util.List<com.restaurante.entity.Configuraciones> com.restaurante.controller.ConfiguracionesController.get()
2017-11-05 20:45:11.151  INFO 2336 --- [    Test worker] s.w.s.m.m.a.RequestMappingHandlerMapping : Mapped "{[/setConfiguracion],methods=[PUT]}" onto public com.restaurante.entity.Serializer com.restaurante.controller.ConfiguracionesController.set(com.restaurante.entity.Configuraciones)
2017-11-05 20:45:11.161  INFO 2336 --- [    Test worker] s.w.s.m.m.a.RequestMappingHandlerMapping : Mapped "{[/saveDOParaLlevar/{num_mesa}/{bandera}/{estado}/{numClientes}/{usuario}],methods=[PUT]}" onto public com.restaurante.entity.Serializer com.restaurante.controller.DetalleOrdenesController.guardarDOParaLlevar(java.util.List<com.restaurante.entity.Detalle_ordenes>,int,boolean,java.lang.Long,int,java.lang.String)
2017-11-05 20:45:11.161  INFO 2336 --- [    Test worker] s.w.s.m.m.a.RequestMappingHandlerMapping : Mapped "{[/getOrdenEstado/{estado}],methods=[PUT]}" onto public java.util.List<com.restaurante.entity.Detalle_ordenes> com.restaurante.controller.DetalleOrdenesController.obtenerOrdenesPorMesa(java.lang.Long,java.lang.Long)
2017-11-05 20:45:11.166  INFO 2336 --- [    Test worker] s.w.s.m.m.a.RequestMappingHandlerMapping : Mapped "{[/getOrdenParaLlevar],methods=[PUT]}" onto public java.util.List<com.restaurante.entity.Detalle_ordenes> com.restaurante.controller.DetalleOrdenesController.obtenerOrdenPorMesaParaLlevar(java.lang.Long)
2017-11-05 20:45:11.166  INFO 2336 --- [    Test worker] s.w.s.m.m.a.RequestMappingHandlerMapping : Mapped "{[/getOrden],methods=[PUT]}" onto public java.util.List<com.restaurante.entity.Detalle_ordenes> com.restaurante.controller.DetalleOrdenesController.obtenerOrdenPorMesa(java.lang.Long)
2017-11-05 20:45:11.166  INFO 2336 --- [    Test worker] s.w.s.m.m.a.RequestMappingHandlerMapping : Mapped "{[/ordenDetalles],methods=[PUT]}" onto public java.util.List<com.restaurante.entity.Detalle_ordenes> com.restaurante.controller.DetalleOrdenesController.obtenerXID(java.lang.Long)
2017-11-05 20:45:11.166  INFO 2336 --- [    Test worker] s.w.s.m.m.a.RequestMappingHandlerMapping : Mapped "{[/saveDO/{num_mesa}/{bandera}/{estado}/{numClientes}/{usuario}],methods=[PUT]}" onto public com.restaurante.entity.Serializer com.restaurante.controller.DetalleOrdenesController.guardarDO(java.util.List<com.restaurante.entity.Detalle_ordenes>,int,boolean,java.lang.Long,int,java.lang.String)
2017-11-05 20:45:11.171  INFO 2336 --- [    Test worker] s.w.s.m.m.a.RequestMappingHandlerMapping : Mapped "{[/eliminarProducto],methods=[PUT]}" onto public com.restaurante.entity.Serializer com.restaurante.controller.DetalleOrdenesController.eliminar(com.restaurante.entity.Detalle_ordenes)
2017-11-05 20:45:11.171  INFO 2336 --- [    Test worker] s.w.s.m.m.a.RequestMappingHandlerMapping : Mapped "{[/obtenerDO],methods=[PUT]}" onto public java.util.List<com.restaurante.entity.Detalle_ordenes> com.restaurante.controller.DetalleOrdenesController.obtenerDO(com.restaurante.entity.Ordenes)
2017-11-05 20:45:11.171  INFO 2336 --- [    Test worker] s.w.s.m.m.a.RequestMappingHandlerMapping : Mapped "{[/setVisto],methods=[PUT]}" onto public com.restaurante.entity.Serializer com.restaurante.controller.DetalleOrdenesController.setVisto(java.lang.Long)
2017-11-05 20:45:11.181  INFO 2336 --- [    Test worker] s.w.s.m.m.a.RequestMappingHandlerMapping : Mapped "{[/empresa],methods=[GET]}" onto public com.restaurante.entity.Empresa com.restaurante.controller.EmpresasController.obtenerEmpresa()
2017-11-05 20:45:11.181  INFO 2336 --- [    Test worker] s.w.s.m.m.a.RequestMappingHandlerMapping : Mapped "{[/saveEmpresa],methods=[PUT]}" onto public com.restaurante.entity.Serializer com.restaurante.controller.EmpresasController.guardarEmpresa(com.restaurante.entity.Empresa)
2017-11-05 20:45:11.186  INFO 2336 --- [    Test worker] s.w.s.m.m.a.RequestMappingHandlerMapping : Mapped "{[/setG],methods=[PUT]}" onto public com.restaurante.entity.Serializer com.restaurante.controller.GastosController.create(com.restaurante.entity.Gastos)
2017-11-05 20:45:11.186  INFO 2336 --- [    Test worker] s.w.s.m.m.a.RequestMappingHandlerMapping : Mapped "{[/reporteGastosFiltro/{fecha_fin}/{filtro}],methods=[PUT]}" onto public java.util.List<com.restaurante.entity.Gastos> com.restaurante.controller.GastosController.obtenerGastosParaReportes(java.lang.String,java.lang.String,java.lang.String)
2017-11-05 20:45:11.186  INFO 2336 --- [    Test worker] s.w.s.m.m.a.RequestMappingHandlerMapping : Mapped "{[/reporteGastos/{fecha_fin}],methods=[PUT]}" onto public java.util.List<com.restaurante.entity.Gastos> com.restaurante.controller.GastosController.obtenerGastosParaReportes(java.lang.String,java.lang.String)
2017-11-05 20:45:11.191  INFO 2336 --- [    Test worker] s.w.s.m.m.a.RequestMappingHandlerMapping : Mapped "{[/eliminarInventario],methods=[PUT]}" onto public com.restaurante.entity.Serializer com.restaurante.controller.InventarioController.eliminar(com.restaurante.entity.Inventario)
2017-11-05 20:45:11.191  INFO 2336 --- [    Test worker] s.w.s.m.m.a.RequestMappingHandlerMapping : Mapped "{[/obtenerInventario],methods=[GET]}" onto public java.util.List<com.restaurante.entity.Inventario> com.restaurante.controller.InventarioController.obtener()
2017-11-05 20:45:11.191  INFO 2336 --- [    Test worker] s.w.s.m.m.a.RequestMappingHandlerMapping : Mapped "{[/guardarInventario],methods=[PUT]}" onto public com.restaurante.entity.Serializer com.restaurante.controller.InventarioController.guardar(com.restaurante.entity.Inventario)
2017-11-05 20:45:11.196  INFO 2336 --- [    Test worker] s.w.s.m.m.a.RequestMappingHandlerMapping : Mapped "{[/liberar],methods=[PUT]}" onto public com.restaurante.entity.Serializer com.restaurante.controller.MesasController.liberarParaLlevar(com.restaurante.entity.Ordenes)
2017-11-05 20:45:11.196  INFO 2336 --- [    Test worker] s.w.s.m.m.a.RequestMappingHandlerMapping : Mapped "{[/entregado],methods=[PUT]}" onto public com.restaurante.entity.Serializer com.restaurante.controller.MesasController.entregado(java.lang.Long)
2017-11-05 20:45:11.196  INFO 2336 --- [    Test worker] s.w.s.m.m.a.RequestMappingHandlerMapping : Mapped "{[/mesas],methods=[GET]}" onto public java.util.List<com.restaurante.entity.Mesas> com.restaurante.controller.MesasController.obtenerMesas()
2017-11-05 20:45:11.196  INFO 2336 --- [    Test worker] s.w.s.m.m.a.RequestMappingHandlerMapping : Mapped "{[/entregar],methods=[PUT]}" onto public com.restaurante.entity.Serializer com.restaurante.controller.MesasController.entregarV(long)
2017-11-05 20:45:11.201  INFO 2336 --- [    Test worker] s.w.s.m.m.a.RequestMappingHandlerMapping : Mapped "{[/entregarProducto/{id}],methods=[PUT]}" onto public com.restaurante.entity.Serializer com.restaurante.controller.MesasController.entregarV(com.restaurante.entity.Detalle_ordenes,long)
2017-11-05 20:45:11.216  INFO 2336 --- [    Test worker] s.w.s.m.m.a.RequestMappingHandlerMapping : Mapped "{[/caja],methods=[GET]}" onto public java.util.List<com.restaurante.entity.Ordenes> com.restaurante.controller.OrdenesController.obtenerOrdenesParaCaja()
2017-11-05 20:45:11.251  INFO 2336 --- [    Test worker] s.w.s.m.m.a.RequestMappingHandlerMapping : Mapped "{[/masVendidos/{fecha_inicio}/{fecha_fin}/{categoria}],methods=[PUT]}" onto public java.util.List<com.restaurante.entity.usp_mas_vendidos> com.restaurante.controller.OrdenesController.obtenerProductosMasVendidos(java.lang.String,java.lang.String,java.lang.String)
2017-11-05 20:45:11.251  INFO 2336 --- [    Test worker] s.w.s.m.m.a.RequestMappingHandlerMapping : Mapped "{[/ordenes],methods=[GET]}" onto public java.util.List<com.restaurante.entity.Ordenes> com.restaurante.controller.OrdenesController.obtenerOrdenesParaCocina()
2017-11-05 20:45:11.251  INFO 2336 --- [    Test worker] s.w.s.m.m.a.RequestMappingHandlerMapping : Mapped "{[/concretarVentaParaLlevar],methods=[PUT]}" onto public com.restaurante.entity.Serializer com.restaurante.controller.OrdenesController.concretarVentaParaLlevar(com.restaurante.entity.Ordenes)
2017-11-05 20:45:11.256  INFO 2336 --- [    Test worker] s.w.s.m.m.a.RequestMappingHandlerMapping : Mapped "{[/cancelarVentaParaLlevar/{num_mesa}],methods=[PUT]}" onto public com.restaurante.entity.Serializer com.restaurante.controller.OrdenesController.eliminarOrdenParaLlevar(java.util.List<com.restaurante.entity.Detalle_ordenes>,java.lang.Long)
2017-11-05 20:45:11.256  INFO 2336 --- [    Test worker] s.w.s.m.m.a.RequestMappingHandlerMapping : Mapped "{[/reporteVentas/{fecha_fin}],methods=[PUT]}" onto public java.util.List<com.restaurante.entity.Ordenes> com.restaurante.controller.OrdenesController.obtenerOrdenesParaReportes(java.lang.String,java.lang.String)
2017-11-05 20:45:11.261  INFO 2336 --- [    Test worker] s.w.s.m.m.a.RequestMappingHandlerMapping : Mapped "{[/reportesVentasFiltro/{fecha_fin}/{filtro}],methods=[PUT]}" onto public java.util.List<com.restaurante.entity.Ordenes> com.restaurante.controller.OrdenesController.obtenerOrdenesParaReportes(java.lang.String,java.lang.String,int)
2017-11-05 20:45:11.261  INFO 2336 --- [    Test worker] s.w.s.m.m.a.RequestMappingHandlerMapping : Mapped "{[/ordenById],methods=[PUT]}" onto public com.restaurante.entity.Ordenes com.restaurante.controller.OrdenesController.obtenerOrden(java.lang.Long)
2017-11-05 20:45:11.261  INFO 2336 --- [    Test worker] s.w.s.m.m.a.RequestMappingHandlerMapping : Mapped "{[/cancelarVenta/{num_mesa}],methods=[PUT]}" onto public com.restaurante.entity.Serializer com.restaurante.controller.OrdenesController.eliminarOrden(java.util.List<com.restaurante.entity.Detalle_ordenes>,java.lang.Long)
2017-11-05 20:45:11.261  INFO 2336 --- [    Test worker] s.w.s.m.m.a.RequestMappingHandlerMapping : Mapped "{[/concretarVenta],methods=[PUT]}" onto public com.restaurante.entity.Serializer com.restaurante.controller.OrdenesController.concretarVenta(com.restaurante.entity.Ordenes)
2017-11-05 20:45:11.266  INFO 2336 --- [    Test worker] s.w.s.m.m.a.RequestMappingHandlerMapping : Mapped "{[/liberarParaLlevar],methods=[PUT]}" onto public com.restaurante.entity.Serializer com.restaurante.controller.ParaLlevarController.liberarParaLlevar(com.restaurante.entity.Ordenes)
2017-11-05 20:45:11.266  INFO 2336 --- [    Test worker] s.w.s.m.m.a.RequestMappingHandlerMapping : Mapped "{[/entregadoParaLlevar],methods=[PUT]}" onto public com.restaurante.entity.Serializer com.restaurante.controller.ParaLlevarController.entregado(java.lang.Long)
2017-11-05 20:45:11.266  INFO 2336 --- [    Test worker] s.w.s.m.m.a.RequestMappingHandlerMapping : Mapped "{[/paraLlevar],methods=[GET]}" onto public java.util.List<com.restaurante.entity.ParaLlevar> com.restaurante.controller.ParaLlevarController.obtenerMesas()
2017-11-05 20:45:11.266  INFO 2336 --- [    Test worker] s.w.s.m.m.a.RequestMappingHandlerMapping : Mapped "{[/entregarParaLlevar],methods=[PUT]}" onto public com.restaurante.entity.Serializer com.restaurante.controller.ParaLlevarController.entregarV(long)
2017-11-05 20:45:11.271  INFO 2336 --- [    Test worker] s.w.s.m.m.a.RequestMappingHandlerMapping : Mapped "{[/entregarProductoParaLlevar/{id}],methods=[PUT]}" onto public com.restaurante.entity.Serializer com.restaurante.controller.ParaLlevarController.entregarV(com.restaurante.entity.Detalle_ordenes,long)
2017-11-05 20:45:11.281  INFO 2336 --- [    Test worker] s.w.s.m.m.a.RequestMappingHandlerMapping : Mapped "{[/eliminarPlatillo],methods=[PUT]}" onto public com.restaurante.entity.Serializer com.restaurante.controller.ProductosController.delete(com.restaurante.entity.Productos)
2017-11-05 20:45:11.281  INFO 2336 --- [    Test worker] s.w.s.m.m.a.RequestMappingHandlerMapping : Mapped "{[/eliminarElemento],methods=[PUT]}" onto public com.restaurante.entity.Serializer com.restaurante.controller.ProductosController.delete(com.restaurante.entity.Productos_Inventario)
2017-11-05 20:45:11.281  INFO 2336 --- [    Test worker] s.w.s.m.m.a.RequestMappingHandlerMapping : Mapped "{[/filtrar],methods=[PUT]}" onto public java.util.List<com.restaurante.entity.Productos> com.restaurante.controller.ProductosController.filtrar(java.lang.String)
2017-11-05 20:45:11.286  INFO 2336 --- [    Test worker] s.w.s.m.m.a.RequestMappingHandlerMapping : Mapped "{[/guardarProducto],methods=[PUT]}" onto public com.restaurante.entity.Serializer com.restaurante.controller.ProductosController.saveProducto(com.restaurante.entity.Productos)
2017-11-05 20:45:11.286  INFO 2336 --- [    Test worker] s.w.s.m.m.a.RequestMappingHandlerMapping : Mapped "{[/productos],methods=[GET]}" onto public java.util.List<com.restaurante.entity.Productos> com.restaurante.controller.ProductosController.obtenerProductos()
2017-11-05 20:45:11.286  INFO 2336 --- [    Test worker] s.w.s.m.m.a.RequestMappingHandlerMapping : Mapped "{[/por_id],methods=[PUT]}" onto public com.restaurante.entity.Productos com.restaurante.controller.ProductosController.obtenerXID(java.lang.Long)
2017-11-05 20:45:11.286  INFO 2336 --- [    Test worker] s.w.s.m.m.a.RequestMappingHandlerMapping : Mapped "{[/cuentas],methods=[GET]}" onto public java.util.List<com.restaurante.entity.Roles> com.restaurante.controller.RolesController.obtenerCuentas()
2017-11-05 20:45:11.291  INFO 2336 --- [    Test worker] s.w.s.m.m.a.RequestMappingHandlerMapping : Mapped "{[/deleteTG],methods=[PUT]}" onto public com.restaurante.entity.Serializer com.restaurante.controller.TiposGastoController.delete(com.restaurante.entity.Tipos_gasto)
2017-11-05 20:45:11.291  INFO 2336 --- [    Test worker] s.w.s.m.m.a.RequestMappingHandlerMapping : Mapped "{[/setTG],methods=[PUT]}" onto public com.restaurante.entity.Serializer com.restaurante.controller.TiposGastoController.create(com.restaurante.entity.Tipos_gasto)
2017-11-05 20:45:11.296  INFO 2336 --- [    Test worker] s.w.s.m.m.a.RequestMappingHandlerMapping : Mapped "{[/getTG],methods=[GET]}" onto public java.util.List<com.restaurante.entity.Tipos_gasto> com.restaurante.controller.TiposGastoController.retrieve()
2017-11-05 20:45:11.296  INFO 2336 --- [    Test worker] s.w.s.m.m.a.RequestMappingHandlerMapping : Mapped "{[/tipos_pago],methods=[GET]}" onto public java.util.List<com.restaurante.entity.Tipos_pago> com.restaurante.controller.TiposPagoController.obtenerTiposPago()
2017-11-05 20:45:11.301  INFO 2336 --- [    Test worker] s.w.s.m.m.a.RequestMappingHandlerMapping : Mapped "{[/getTonos],methods=[GET]}" onto public java.util.List<com.restaurante.entity.Tonos> com.restaurante.controller.TonosController.getTonos()
2017-11-05 20:45:11.301  INFO 2336 --- [    Test worker] s.w.s.m.m.a.RequestMappingHandlerMapping : Mapped "{[/getTono],methods=[GET]}" onto public com.restaurante.entity.Tonos com.restaurante.controller.TonosController.getTono()
2017-11-05 20:45:11.301  INFO 2336 --- [    Test worker] s.w.s.m.m.a.RequestMappingHandlerMapping : Mapped "{[/setTono],methods=[PUT]}" onto public com.restaurante.entity.Serializer com.restaurante.controller.TonosController.setTono(com.restaurante.entity.Tonos)
2017-11-05 20:45:11.301  INFO 2336 --- [    Test worker] s.w.s.m.m.a.RequestMappingHandlerMapping : Mapped "{[/Users],methods=[GET]}" onto public java.util.List<com.restaurante.entity.Usuarios> com.restaurante.controller.UsuarioController.index()
2017-11-05 20:45:11.306  INFO 2336 --- [    Test worker] s.w.s.m.m.a.RequestMappingHandlerMapping : Mapped "{[/updateUser],methods=[PUT]}" onto public com.restaurante.entity.Serializer com.restaurante.controller.UsuarioController.update(com.restaurante.entity.Usuarios)
2017-11-05 20:45:11.306  INFO 2336 --- [    Test worker] s.w.s.m.m.a.RequestMappingHandlerMapping : Mapped "{[/deleteUser],methods=[PUT]}" onto public com.restaurante.entity.Serializer com.restaurante.controller.UsuarioController.delete(com.restaurante.entity.Usuarios)
2017-11-05 20:45:11.306  INFO 2336 --- [    Test worker] s.w.s.m.m.a.RequestMappingHandlerMapping : Mapped "{[/saveROL],methods=[PUT]}" onto public com.restaurante.entity.Serializer com.restaurante.controller.UsuarioController.create(com.restaurante.entity.Usuarios)
2017-11-05 20:45:11.306  INFO 2336 --- [    Test worker] s.w.s.m.m.a.RequestMappingHandlerMapping : Mapped "{[/save],methods=[PUT]}" onto public com.restaurante.entity.Serializer com.restaurante.controller.UsuarioController.save(com.restaurante.entity.Usuarios)
2017-11-05 20:45:11.306  INFO 2336 --- [    Test worker] s.w.s.m.m.a.RequestMappingHandlerMapping : Mapped "{[/exist],methods=[PUT]}" onto public com.restaurante.entity.Serializer com.restaurante.controller.UsuarioController.exist(java.lang.String)
2017-11-05 20:45:11.311  INFO 2336 --- [    Test worker] s.w.s.m.m.a.RequestMappingHandlerMapping : Mapped "{[/comprobar/{nombre}],methods=[PUT]}" onto public com.restaurante.entity.Serializer com.restaurante.controller.UsuarioController.comprobar(java.lang.String,java.lang.String)
2017-11-05 20:45:11.311  INFO 2336 --- [    Test worker] s.w.s.m.m.a.RequestMappingHandlerMapping : Mapped "{[/login],methods=[PUT]}" onto public com.restaurante.entity.Serializer com.restaurante.controller.UsuarioController.login(com.restaurante.entity.Usuario)
2017-11-05 20:45:11.321  INFO 2336 --- [    Test worker] s.w.s.m.m.a.RequestMappingHandlerMapping : Mapped "{[/error]}" onto public org.springframework.http.ResponseEntity<java.util.Map<java.lang.String, java.lang.Object>> org.springframework.boot.autoconfigure.web.servlet.error.BasicErrorController.error(javax.servlet.http.HttpServletRequest)
2017-11-05 20:45:11.326  INFO 2336 --- [    Test worker] s.w.s.m.m.a.RequestMappingHandlerMapping : Mapped "{[/error],produces=[text/html]}" onto public org.springframework.web.servlet.ModelAndView org.springframework.boot.autoconfigure.web.servlet.error.BasicErrorController.errorHtml(javax.servlet.http.HttpServletRequest,javax.servlet.http.HttpServletResponse)
2017-11-05 20:45:11.441  INFO 2336 --- [    Test worker] o.s.w.s.handler.SimpleUrlHandlerMapping  : Mapped URL path [/webjars/**] onto handler of type [class org.springframework.web.servlet.resource.ResourceHttpRequestHandler]
2017-11-05 20:45:11.441  INFO 2336 --- [    Test worker] o.s.w.s.handler.SimpleUrlHandlerMapping  : Mapped URL path [/**] onto handler of type [class org.springframework.web.servlet.resource.ResourceHttpRequestHandler]
2017-11-05 20:45:11.586  INFO 2336 --- [    Test worker] o.s.w.s.handler.SimpleUrlHandlerMapping  : Mapped URL path [/**/favicon.ico] onto handler of type [class org.springframework.web.servlet.resource.ResourceHttpRequestHandler]
2017-11-05 20:45:11.656  INFO 2336 --- [    Test worker] oConfiguration$WelcomePageHandlerMapping : Adding welcome page: Optional[class path resource [static/index.html]]
2017-11-05 20:45:13.101  INFO 2336 --- [    Test worker] o.s.c.support.DefaultLifecycleProcessor  : Starting beans in phase 2147483647
2017-11-05 20:45:13.101  INFO 2336 --- [    Test worker] o.s.m.s.b.SimpleBrokerMessageHandler     : Starting...
2017-11-05 20:45:13.101  INFO 2336 --- [    Test worker] o.s.m.s.b.SimpleBrokerMessageHandler     : BrokerAvailabilityEvent[available=true, SimpleBrokerMessageHandler [DefaultSubscriptionRegistry[cache[0 destination(s)], registry[0 sessions]]]]
2017-11-05 20:45:13.106  INFO 2336 --- [    Test worker] o.s.m.s.b.SimpleBrokerMessageHandler     : Started.
2017-11-05 20:45:13.156  INFO 2336 --- [    Test worker] c.r.RestauranteOk5ApplicationTests       : Started RestauranteOk5ApplicationTests in 37.531 seconds (JVM running for 44.677)
]]></system-out>
  <system-err><![CDATA[]]></system-err>
</testsuite>
